2025-03-20T04:54:23.326+05:30 DEBUG 15040 --- [AddressBook] [HikariPool-1 connection closer] com.zaxxer.hikari.pool.PoolBase          : HikariPool-1 - Closing connection com.mysql.cj.jdbc.ConnectionImpl@d317b98: (connection has passed maxLifetime)
2025-03-20T04:54:23.117+05:30  WARN 15040 --- [AddressBook] [HikariPool-1 housekeeper] com.zaxxer.hikari.pool.HikariPool        : HikariPool-1 - Thread starvation or clock leap detected (housekeeper delta=3h46m15s763ms935µs500ns).
2025-03-20T04:54:25.391+05:30 DEBUG 15040 --- [AddressBook] [HikariPool-1 housekeeper] com.zaxxer.hikari.pool.HikariPool        : HikariPool-1 - Pool stats (total=9, active=0, idle=9, waiting=0)
2025-03-20T04:54:25.402+05:30 DEBUG 15040 --- [AddressBook] [HikariPool-1 connection closer] com.zaxxer.hikari.pool.PoolBase          : HikariPool-1 - Closing connection com.mysql.cj.jdbc.ConnectionImpl@6d1e84d7: (connection has passed maxLifetime)
2025-03-20T04:54:25.404+05:30 DEBUG 15040 --- [AddressBook] [HikariPool-1 connection closer] com.zaxxer.hikari.pool.PoolBase          : HikariPool-1 - Closing connection com.mysql.cj.jdbc.ConnectionImpl@69893e76: (connection has passed maxLifetime)
2025-03-20T04:54:25.408+05:30 DEBUG 15040 --- [AddressBook] [HikariPool-1 connection closer] com.zaxxer.hikari.pool.PoolBase          : HikariPool-1 - Closing connection com.mysql.cj.jdbc.ConnectionImpl@2cd711e1: (connection has passed maxLifetime)
2025-03-20T04:54:25.412+05:30 DEBUG 15040 --- [AddressBook] [HikariPool-1 connection closer] com.zaxxer.hikari.pool.PoolBase          : HikariPool-1 - Closing connection com.mysql.cj.jdbc.ConnectionImpl@10056c6b: (connection has passed maxLifetime)
2025-03-20T04:54:25.415+05:30 DEBUG 15040 --- [AddressBook] [HikariPool-1 connection closer] com.zaxxer.hikari.pool.PoolBase          : HikariPool-1 - Closing connection com.mysql.cj.jdbc.ConnectionImpl@7f0f1fbd: (connection has passed maxLifetime)
2025-03-20T04:54:25.419+05:30 DEBUG 15040 --- [AddressBook] [HikariPool-1 connection closer] com.zaxxer.hikari.pool.PoolBase          : HikariPool-1 - Closing connection com.mysql.cj.jdbc.ConnectionImpl@3b2085e4: (connection has passed maxLifetime)
2025-03-20T04:54:25.422+05:30 DEBUG 15040 --- [AddressBook] [HikariPool-1 connection closer] com.zaxxer.hikari.pool.PoolBase          : HikariPool-1 - Closing connection com.mysql.cj.jdbc.ConnectionImpl@20d79c53: (connection has passed maxLifetime)
2025-03-20T04:54:25.424+05:30 DEBUG 15040 --- [AddressBook] [HikariPool-1 connection closer] com.zaxxer.hikari.pool.PoolBase          : HikariPool-1 - Closing connection com.mysql.cj.jdbc.ConnectionImpl@16564fc1: (connection has passed maxLifetime)
2025-03-20T04:54:25.442+05:30 DEBUG 15040 --- [AddressBook] [HikariPool-1 connection closer] com.zaxxer.hikari.pool.PoolBase          : HikariPool-1 - Closing connection com.mysql.cj.jdbc.ConnectionImpl@702e5a1e: (connection has passed maxLifetime)
2025-03-20T04:54:25.680+05:30 DEBUG 15040 --- [AddressBook] [HikariPool-1 connection adder] jdk.event.security                       : X509Certificate: Alg:SHA256withRSA, Serial:2, Subject:CN=MySQL_Server_9.2.0_Auto_Generated_Server_Certificate, Issuer:CN=MySQL_Server_9.2.0_Auto_Generated_CA_Certificate, Key type:RSA, Length:2048, Cert Id:3349399474, Valid from:06/03/25, 2:46 pm, Valid until:04/03/35, 2:46 pm
2025-03-20T04:54:25.681+05:30 DEBUG 15040 --- [AddressBook] [HikariPool-1 connection adder] jdk.event.security                       : X509Certificate: Alg:SHA256withRSA, Serial:1, Subject:CN=MySQL_Server_9.2.0_Auto_Generated_CA_Certificate, Issuer:CN=MySQL_Server_9.2.0_Auto_Generated_CA_Certificate, Key type:RSA, Length:2048, Cert Id:3466883746, Valid from:06/03/25, 2:46 pm, Valid until:04/03/35, 2:46 pm
2025-03-20T04:54:25.689+05:30 DEBUG 15040 --- [AddressBook] [HikariPool-1 connection adder] jdk.event.security                       :  TLSHandshake: localhost:3306, TLSv1.3, TLS_AES_128_GCM_SHA256, 3349399474
2025-03-20T04:54:25.746+05:30 DEBUG 15040 --- [AddressBook] [HikariPool-1 connection adder] com.zaxxer.hikari.pool.HikariPool        : HikariPool-1 - Added connection com.mysql.cj.jdbc.ConnectionImpl@17798f74
2025-03-20T04:54:25.780+05:30 DEBUG 15040 --- [AddressBook] [HikariPool-1 connection adder] com.zaxxer.hikari.pool.HikariPool        : HikariPool-1 - After adding stats (total=1, active=0, idle=1, waiting=0)
2025-03-20T04:54:25.791+05:30 DEBUG 15040 --- [AddressBook] [HikariPool-1 connection adder] jdk.event.security                       : X509Certificate: Alg:SHA256withRSA, Serial:2, Subject:CN=MySQL_Server_9.2.0_Auto_Generated_Server_Certificate, Issuer:CN=MySQL_Server_9.2.0_Auto_Generated_CA_Certificate, Key type:RSA, Length:2048, Cert Id:3349399474, Valid from:06/03/25, 2:46 pm, Valid until:04/03/35, 2:46 pm
2025-03-20T04:54:25.792+05:30 DEBUG 15040 --- [AddressBook] [HikariPool-1 connection adder] jdk.event.security                       : X509Certificate: Alg:SHA256withRSA, Serial:1, Subject:CN=MySQL_Server_9.2.0_Auto_Generated_CA_Certificate, Issuer:CN=MySQL_Server_9.2.0_Auto_Generated_CA_Certificate, Key type:RSA, Length:2048, Cert Id:3466883746, Valid from:06/03/25, 2:46 pm, Valid until:04/03/35, 2:46 pm
2025-03-20T04:54:25.794+05:30 DEBUG 15040 --- [AddressBook] [HikariPool-1 connection adder] jdk.event.security                       :  TLSHandshake: localhost:3306, TLSv1.3, TLS_AES_128_GCM_SHA256, 3349399474
2025-03-20T04:54:25.798+05:30 DEBUG 15040 --- [AddressBook] [HikariPool-1 connection adder] com.zaxxer.hikari.pool.HikariPool        : HikariPool-1 - Added connection com.mysql.cj.jdbc.ConnectionImpl@5644854f
2025-03-20T04:54:25.843+05:30 DEBUG 15040 --- [AddressBook] [HikariPool-1 connection adder] com.zaxxer.hikari.pool.HikariPool        : HikariPool-1 - Connection not added, stats (total=2, active=0, idle=2, waiting=0)
2025-03-20T04:54:25.859+05:30 DEBUG 15040 --- [AddressBook] [HikariPool-1 connection adder] jdk.event.security                       : X509Certificate: Alg:SHA256withRSA, Serial:2, Subject:CN=MySQL_Server_9.2.0_Auto_Generated_Server_Certificate, Issuer:CN=MySQL_Server_9.2.0_Auto_Generated_CA_Certificate, Key type:RSA, Length:2048, Cert Id:3349399474, Valid from:06/03/25, 2:46 pm, Valid until:04/03/35, 2:46 pm
2025-03-20T04:54:25.860+05:30 DEBUG 15040 --- [AddressBook] [HikariPool-1 connection adder] jdk.event.security                       : X509Certificate: Alg:SHA256withRSA, Serial:1, Subject:CN=MySQL_Server_9.2.0_Auto_Generated_CA_Certificate, Issuer:CN=MySQL_Server_9.2.0_Auto_Generated_CA_Certificate, Key type:RSA, Length:2048, Cert Id:3466883746, Valid from:06/03/25, 2:46 pm, Valid until:04/03/35, 2:46 pm
2025-03-20T04:54:25.862+05:30 DEBUG 15040 --- [AddressBook] [HikariPool-1 connection adder] jdk.event.security                       :  TLSHandshake: localhost:3306, TLSv1.3, TLS_AES_128_GCM_SHA256, 3349399474
2025-03-20T04:54:25.866+05:30 DEBUG 15040 --- [AddressBook] [HikariPool-1 connection adder] com.zaxxer.hikari.pool.HikariPool        : HikariPool-1 - Added connection com.mysql.cj.jdbc.ConnectionImpl@6758f085
2025-03-20T04:54:25.904+05:30 DEBUG 15040 --- [AddressBook] [HikariPool-1 connection adder] com.zaxxer.hikari.pool.HikariPool        : HikariPool-1 - Connection not added, stats (total=3, active=0, idle=3, waiting=0)
2025-03-20T04:54:25.914+05:30 DEBUG 15040 --- [AddressBook] [HikariPool-1 connection adder] jdk.event.security                       : X509Certificate: Alg:SHA256withRSA, Serial:2, Subject:CN=MySQL_Server_9.2.0_Auto_Generated_Server_Certificate, Issuer:CN=MySQL_Server_9.2.0_Auto_Generated_CA_Certificate, Key type:RSA, Length:2048, Cert Id:3349399474, Valid from:06/03/25, 2:46 pm, Valid until:04/03/35, 2:46 pm
2025-03-20T04:54:25.915+05:30 DEBUG 15040 --- [AddressBook] [HikariPool-1 connection adder] jdk.event.security                       : X509Certificate: Alg:SHA256withRSA, Serial:1, Subject:CN=MySQL_Server_9.2.0_Auto_Generated_CA_Certificate, Issuer:CN=MySQL_Server_9.2.0_Auto_Generated_CA_Certificate, Key type:RSA, Length:2048, Cert Id:3466883746, Valid from:06/03/25, 2:46 pm, Valid until:04/03/35, 2:46 pm
2025-03-20T04:54:25.916+05:30 DEBUG 15040 --- [AddressBook] [HikariPool-1 connection adder] jdk.event.security                       :  TLSHandshake: localhost:3306, TLSv1.3, TLS_AES_128_GCM_SHA256, 3349399474
2025-03-20T04:54:25.924+05:30 DEBUG 15040 --- [AddressBook] [HikariPool-1 connection adder] com.zaxxer.hikari.pool.HikariPool        : HikariPool-1 - Added connection com.mysql.cj.jdbc.ConnectionImpl@366b7a00
2025-03-20T04:54:25.966+05:30 DEBUG 15040 --- [AddressBook] [HikariPool-1 connection adder] com.zaxxer.hikari.pool.HikariPool        : HikariPool-1 - Connection not added, stats (total=4, active=0, idle=4, waiting=0)
2025-03-20T04:54:25.980+05:30 DEBUG 15040 --- [AddressBook] [HikariPool-1 connection adder] jdk.event.security                       : X509Certificate: Alg:SHA256withRSA, Serial:2, Subject:CN=MySQL_Server_9.2.0_Auto_Generated_Server_Certificate, Issuer:CN=MySQL_Server_9.2.0_Auto_Generated_CA_Certificate, Key type:RSA, Length:2048, Cert Id:3349399474, Valid from:06/03/25, 2:46 pm, Valid until:04/03/35, 2:46 pm
2025-03-20T04:54:25.981+05:30 DEBUG 15040 --- [AddressBook] [HikariPool-1 connection adder] jdk.event.security                       : X509Certificate: Alg:SHA256withRSA, Serial:1, Subject:CN=MySQL_Server_9.2.0_Auto_Generated_CA_Certificate, Issuer:CN=MySQL_Server_9.2.0_Auto_Generated_CA_Certificate, Key type:RSA, Length:2048, Cert Id:3466883746, Valid from:06/03/25, 2:46 pm, Valid until:04/03/35, 2:46 pm
2025-03-20T04:54:25.983+05:30 DEBUG 15040 --- [AddressBook] [HikariPool-1 connection adder] jdk.event.security                       :  TLSHandshake: localhost:3306, TLSv1.3, TLS_AES_128_GCM_SHA256, 3349399474
2025-03-20T04:54:25.988+05:30 DEBUG 15040 --- [AddressBook] [HikariPool-1 connection adder] com.zaxxer.hikari.pool.HikariPool        : HikariPool-1 - Added connection com.mysql.cj.jdbc.ConnectionImpl@24f681f5
2025-03-20T04:54:26.028+05:30 DEBUG 15040 --- [AddressBook] [HikariPool-1 connection adder] com.zaxxer.hikari.pool.HikariPool        : HikariPool-1 - Connection not added, stats (total=5, active=0, idle=5, waiting=0)
2025-03-20T04:54:26.041+05:30 DEBUG 15040 --- [AddressBook] [HikariPool-1 connection adder] jdk.event.security                       : X509Certificate: Alg:SHA256withRSA, Serial:2, Subject:CN=MySQL_Server_9.2.0_Auto_Generated_Server_Certificate, Issuer:CN=MySQL_Server_9.2.0_Auto_Generated_CA_Certificate, Key type:RSA, Length:2048, Cert Id:3349399474, Valid from:06/03/25, 2:46 pm, Valid until:04/03/35, 2:46 pm
2025-03-20T04:54:26.041+05:30 DEBUG 15040 --- [AddressBook] [HikariPool-1 connection adder] jdk.event.security                       : X509Certificate: Alg:SHA256withRSA, Serial:1, Subject:CN=MySQL_Server_9.2.0_Auto_Generated_CA_Certificate, Issuer:CN=MySQL_Server_9.2.0_Auto_Generated_CA_Certificate, Key type:RSA, Length:2048, Cert Id:3466883746, Valid from:06/03/25, 2:46 pm, Valid until:04/03/35, 2:46 pm
2025-03-20T04:54:26.043+05:30 DEBUG 15040 --- [AddressBook] [HikariPool-1 connection adder] jdk.event.security                       :  TLSHandshake: localhost:3306, TLSv1.3, TLS_AES_128_GCM_SHA256, 3349399474
2025-03-20T04:54:26.049+05:30 DEBUG 15040 --- [AddressBook] [HikariPool-1 connection adder] com.zaxxer.hikari.pool.HikariPool        : HikariPool-1 - Added connection com.mysql.cj.jdbc.ConnectionImpl@3225a0d2
2025-03-20T04:54:26.091+05:30 DEBUG 15040 --- [AddressBook] [HikariPool-1 connection adder] com.zaxxer.hikari.pool.HikariPool        : HikariPool-1 - Connection not added, stats (total=6, active=0, idle=6, waiting=0)
2025-03-20T04:54:26.115+05:30 DEBUG 15040 --- [AddressBook] [HikariPool-1 connection adder] jdk.event.security                       : X509Certificate: Alg:SHA256withRSA, Serial:2, Subject:CN=MySQL_Server_9.2.0_Auto_Generated_Server_Certificate, Issuer:CN=MySQL_Server_9.2.0_Auto_Generated_CA_Certificate, Key type:RSA, Length:2048, Cert Id:3349399474, Valid from:06/03/25, 2:46 pm, Valid until:04/03/35, 2:46 pm
2025-03-20T04:54:26.121+05:30 DEBUG 15040 --- [AddressBook] [HikariPool-1 connection adder] jdk.event.security                       : X509Certificate: Alg:SHA256withRSA, Serial:1, Subject:CN=MySQL_Server_9.2.0_Auto_Generated_CA_Certificate, Issuer:CN=MySQL_Server_9.2.0_Auto_Generated_CA_Certificate, Key type:RSA, Length:2048, Cert Id:3466883746, Valid from:06/03/25, 2:46 pm, Valid until:04/03/35, 2:46 pm
2025-03-20T04:54:26.123+05:30 DEBUG 15040 --- [AddressBook] [HikariPool-1 connection adder] jdk.event.security                       :  TLSHandshake: localhost:3306, TLSv1.3, TLS_AES_128_GCM_SHA256, 3349399474
2025-03-20T04:54:26.133+05:30 DEBUG 15040 --- [AddressBook] [HikariPool-1 connection adder] com.zaxxer.hikari.pool.HikariPool        : HikariPool-1 - Added connection com.mysql.cj.jdbc.ConnectionImpl@72bf14f4
2025-03-20T04:54:26.169+05:30 DEBUG 15040 --- [AddressBook] [HikariPool-1 connection adder] com.zaxxer.hikari.pool.HikariPool        : HikariPool-1 - Connection not added, stats (total=7, active=0, idle=7, waiting=0)
2025-03-20T04:54:26.185+05:30 DEBUG 15040 --- [AddressBook] [HikariPool-1 connection adder] jdk.event.security                       : X509Certificate: Alg:SHA256withRSA, Serial:2, Subject:CN=MySQL_Server_9.2.0_Auto_Generated_Server_Certificate, Issuer:CN=MySQL_Server_9.2.0_Auto_Generated_CA_Certificate, Key type:RSA, Length:2048, Cert Id:3349399474, Valid from:06/03/25, 2:46 pm, Valid until:04/03/35, 2:46 pm
2025-03-20T04:54:26.191+05:30 DEBUG 15040 --- [AddressBook] [HikariPool-1 connection adder] jdk.event.security                       : X509Certificate: Alg:SHA256withRSA, Serial:1, Subject:CN=MySQL_Server_9.2.0_Auto_Generated_CA_Certificate, Issuer:CN=MySQL_Server_9.2.0_Auto_Generated_CA_Certificate, Key type:RSA, Length:2048, Cert Id:3466883746, Valid from:06/03/25, 2:46 pm, Valid until:04/03/35, 2:46 pm
2025-03-20T04:54:26.193+05:30 DEBUG 15040 --- [AddressBook] [HikariPool-1 connection adder] jdk.event.security                       :  TLSHandshake: localhost:3306, TLSv1.3, TLS_AES_128_GCM_SHA256, 3349399474
2025-03-20T04:54:26.203+05:30 DEBUG 15040 --- [AddressBook] [HikariPool-1 connection adder] com.zaxxer.hikari.pool.HikariPool        : HikariPool-1 - Added connection com.mysql.cj.jdbc.ConnectionImpl@2966e486
2025-03-20T04:54:26.246+05:30 DEBUG 15040 --- [AddressBook] [HikariPool-1 connection adder] com.zaxxer.hikari.pool.HikariPool        : HikariPool-1 - Connection not added, stats (total=8, active=0, idle=8, waiting=0)
2025-03-20T04:54:26.476+05:30 DEBUG 15040 --- [AddressBook] [HikariPool-1 connection adder] jdk.event.security                       : X509Certificate: Alg:SHA256withRSA, Serial:2, Subject:CN=MySQL_Server_9.2.0_Auto_Generated_Server_Certificate, Issuer:CN=MySQL_Server_9.2.0_Auto_Generated_CA_Certificate, Key type:RSA, Length:2048, Cert Id:3349399474, Valid from:06/03/25, 2:46 pm, Valid until:04/03/35, 2:46 pm
2025-03-20T04:54:26.483+05:30 DEBUG 15040 --- [AddressBook] [HikariPool-1 connection adder] jdk.event.security                       : X509Certificate: Alg:SHA256withRSA, Serial:1, Subject:CN=MySQL_Server_9.2.0_Auto_Generated_CA_Certificate, Issuer:CN=MySQL_Server_9.2.0_Auto_Generated_CA_Certificate, Key type:RSA, Length:2048, Cert Id:3466883746, Valid from:06/03/25, 2:46 pm, Valid until:04/03/35, 2:46 pm
2025-03-20T04:54:26.484+05:30 DEBUG 15040 --- [AddressBook] [HikariPool-1 connection adder] jdk.event.security                       :  TLSHandshake: localhost:3306, TLSv1.3, TLS_AES_128_GCM_SHA256, 3349399474
2025-03-20T04:54:26.499+05:30 DEBUG 15040 --- [AddressBook] [HikariPool-1 connection adder] com.zaxxer.hikari.pool.HikariPool        : HikariPool-1 - Added connection com.mysql.cj.jdbc.ConnectionImpl@77b51ff4
2025-03-20T04:54:26.541+05:30 DEBUG 15040 --- [AddressBook] [HikariPool-1 connection adder] com.zaxxer.hikari.pool.HikariPool        : HikariPool-1 - Connection not added, stats (total=9, active=0, idle=9, waiting=0)
2025-03-20T04:54:26.565+05:30 DEBUG 15040 --- [AddressBook] [HikariPool-1 connection adder] jdk.event.security                       : X509Certificate: Alg:SHA256withRSA, Serial:2, Subject:CN=MySQL_Server_9.2.0_Auto_Generated_Server_Certificate, Issuer:CN=MySQL_Server_9.2.0_Auto_Generated_CA_Certificate, Key type:RSA, Length:2048, Cert Id:3349399474, Valid from:06/03/25, 2:46 pm, Valid until:04/03/35, 2:46 pm
2025-03-20T04:54:26.566+05:30 DEBUG 15040 --- [AddressBook] [HikariPool-1 connection adder] jdk.event.security                       : X509Certificate: Alg:SHA256withRSA, Serial:1, Subject:CN=MySQL_Server_9.2.0_Auto_Generated_CA_Certificate, Issuer:CN=MySQL_Server_9.2.0_Auto_Generated_CA_Certificate, Key type:RSA, Length:2048, Cert Id:3466883746, Valid from:06/03/25, 2:46 pm, Valid until:04/03/35, 2:46 pm
2025-03-20T04:54:26.664+05:30 DEBUG 15040 --- [AddressBook] [HikariPool-1 connection adder] jdk.event.security                       :  TLSHandshake: localhost:3306, TLSv1.3, TLS_AES_128_GCM_SHA256, 3349399474
2025-03-20T04:54:26.681+05:30 DEBUG 15040 --- [AddressBook] [HikariPool-1 connection adder] com.zaxxer.hikari.pool.HikariPool        : HikariPool-1 - Added connection com.mysql.cj.jdbc.ConnectionImpl@85f4bb6
2025-03-20T04:54:26.712+05:30 DEBUG 15040 --- [AddressBook] [HikariPool-1 connection adder] com.zaxxer.hikari.pool.HikariPool        : HikariPool-1 - Connection not added, stats (total=10, active=0, idle=10, waiting=0)
2025-03-20T04:54:26.712+05:30 DEBUG 15040 --- [AddressBook] [HikariPool-1 connection adder] com.zaxxer.hikari.pool.HikariPool        : HikariPool-1 - Connection not added, stats (total=10, active=0, idle=10, waiting=0)
2025-03-20T04:54:55.502+05:30  WARN 15040 --- [AddressBook] [HikariPool-1 housekeeper] com.zaxxer.hikari.pool.HikariPool        : HikariPool-1 - Thread starvation or clock leap detected (housekeeper delta=1h54m39s151ms547µs200ns).
2025-03-20T04:54:55.681+05:30 DEBUG 15040 --- [AddressBook] [HikariPool-1 housekeeper] com.zaxxer.hikari.pool.HikariPool        : HikariPool-1 - Pool stats (total=10, active=0, idle=10, waiting=0)
2025-03-20T04:54:55.691+05:30 DEBUG 15040 --- [AddressBook] [HikariPool-1 housekeeper] com.zaxxer.hikari.pool.HikariPool        : HikariPool-1 - Fill pool skipped, pool has sufficient level or currently being filled.
2025-03-20T04:55:25.697+05:30 DEBUG 15040 --- [AddressBook] [HikariPool-1 housekeeper] com.zaxxer.hikari.pool.HikariPool        : HikariPool-1 - Pool stats (total=10, active=0, idle=10, waiting=0)
2025-03-20T04:55:25.699+05:30 DEBUG 15040 --- [AddressBook] [HikariPool-1 housekeeper] com.zaxxer.hikari.pool.HikariPool        : HikariPool-1 - Fill pool skipped, pool has sufficient level or currently being filled.
2025-03-20T04:55:55.710+05:30 DEBUG 15040 --- [AddressBook] [HikariPool-1 housekeeper] com.zaxxer.hikari.pool.HikariPool        : HikariPool-1 - Pool stats (total=10, active=0, idle=10, waiting=0)
2025-03-20T04:55:55.712+05:30 DEBUG 15040 --- [AddressBook] [HikariPool-1 housekeeper] com.zaxxer.hikari.pool.HikariPool        : HikariPool-1 - Fill pool skipped, pool has sufficient level or currently being filled.
2025-03-20T04:56:25.720+05:30 DEBUG 15040 --- [AddressBook] [HikariPool-1 housekeeper] com.zaxxer.hikari.pool.HikariPool        : HikariPool-1 - Pool stats (total=10, active=0, idle=10, waiting=0)
2025-03-20T04:56:25.720+05:30 DEBUG 15040 --- [AddressBook] [HikariPool-1 housekeeper] com.zaxxer.hikari.pool.HikariPool        : HikariPool-1 - Fill pool skipped, pool has sufficient level or currently being filled.
2025-03-20T04:56:55.721+05:30 DEBUG 15040 --- [AddressBook] [HikariPool-1 housekeeper] com.zaxxer.hikari.pool.HikariPool        : HikariPool-1 - Pool stats (total=10, active=0, idle=10, waiting=0)
2025-03-20T04:56:55.721+05:30 DEBUG 15040 --- [AddressBook] [HikariPool-1 housekeeper] com.zaxxer.hikari.pool.HikariPool        : HikariPool-1 - Fill pool skipped, pool has sufficient level or currently being filled.
2025-03-20T04:57:25.735+05:30 DEBUG 15040 --- [AddressBook] [HikariPool-1 housekeeper] com.zaxxer.hikari.pool.HikariPool        : HikariPool-1 - Pool stats (total=10, active=0, idle=10, waiting=0)
2025-03-20T04:57:25.735+05:30 DEBUG 15040 --- [AddressBook] [HikariPool-1 housekeeper] com.zaxxer.hikari.pool.HikariPool        : HikariPool-1 - Fill pool skipped, pool has sufficient level or currently being filled.
2025-03-20T04:57:55.764+05:30 DEBUG 15040 --- [AddressBook] [HikariPool-1 housekeeper] com.zaxxer.hikari.pool.HikariPool        : HikariPool-1 - Pool stats (total=10, active=0, idle=10, waiting=0)
2025-03-20T04:57:55.765+05:30 DEBUG 15040 --- [AddressBook] [HikariPool-1 housekeeper] com.zaxxer.hikari.pool.HikariPool        : HikariPool-1 - Fill pool skipped, pool has sufficient level or currently being filled.
2025-03-20T04:58:25.771+05:30 DEBUG 15040 --- [AddressBook] [HikariPool-1 housekeeper] com.zaxxer.hikari.pool.HikariPool        : HikariPool-1 - Pool stats (total=10, active=0, idle=10, waiting=0)
2025-03-20T04:58:25.771+05:30 DEBUG 15040 --- [AddressBook] [HikariPool-1 housekeeper] com.zaxxer.hikari.pool.HikariPool        : HikariPool-1 - Fill pool skipped, pool has sufficient level or currently being filled.
2025-03-20T04:58:55.772+05:30 DEBUG 15040 --- [AddressBook] [HikariPool-1 housekeeper] com.zaxxer.hikari.pool.HikariPool        : HikariPool-1 - Pool stats (total=10, active=0, idle=10, waiting=0)
2025-03-20T04:58:55.772+05:30 DEBUG 15040 --- [AddressBook] [HikariPool-1 housekeeper] com.zaxxer.hikari.pool.HikariPool        : HikariPool-1 - Fill pool skipped, pool has sufficient level or currently being filled.
2025-03-20T04:59:25.784+05:30 DEBUG 15040 --- [AddressBook] [HikariPool-1 housekeeper] com.zaxxer.hikari.pool.HikariPool        : HikariPool-1 - Pool stats (total=10, active=0, idle=10, waiting=0)
2025-03-20T04:59:25.784+05:30 DEBUG 15040 --- [AddressBook] [HikariPool-1 housekeeper] com.zaxxer.hikari.pool.HikariPool        : HikariPool-1 - Fill pool skipped, pool has sufficient level or currently being filled.
2025-03-20T04:59:55.797+05:30 DEBUG 15040 --- [AddressBook] [HikariPool-1 housekeeper] com.zaxxer.hikari.pool.HikariPool        : HikariPool-1 - Pool stats (total=10, active=0, idle=10, waiting=0)
2025-03-20T04:59:55.797+05:30 DEBUG 15040 --- [AddressBook] [HikariPool-1 housekeeper] com.zaxxer.hikari.pool.HikariPool        : HikariPool-1 - Fill pool skipped, pool has sufficient level or currently being filled.
2025-03-20T05:00:25.810+05:30 DEBUG 15040 --- [AddressBook] [HikariPool-1 housekeeper] com.zaxxer.hikari.pool.HikariPool        : HikariPool-1 - Pool stats (total=10, active=0, idle=10, waiting=0)
2025-03-20T05:00:25.810+05:30 DEBUG 15040 --- [AddressBook] [HikariPool-1 housekeeper] com.zaxxer.hikari.pool.HikariPool        : HikariPool-1 - Fill pool skipped, pool has sufficient level or currently being filled.
2025-03-20T05:00:55.813+05:30 DEBUG 15040 --- [AddressBook] [HikariPool-1 housekeeper] com.zaxxer.hikari.pool.HikariPool        : HikariPool-1 - Pool stats (total=10, active=0, idle=10, waiting=0)
2025-03-20T05:00:55.813+05:30 DEBUG 15040 --- [AddressBook] [HikariPool-1 housekeeper] com.zaxxer.hikari.pool.HikariPool        : HikariPool-1 - Fill pool skipped, pool has sufficient level or currently being filled.
2025-03-20T06:43:32.661+05:30  WARN 15040 --- [AddressBook] [HikariPool-1 housekeeper] com.zaxxer.hikari.pool.HikariPool        : HikariPool-1 - Thread starvation or clock leap detected (housekeeper delta=1h42m36s831ms15µs299ns).
2025-03-20T06:43:32.707+05:30 DEBUG 15040 --- [AddressBook] [HikariPool-1 housekeeper] com.zaxxer.hikari.pool.HikariPool        : HikariPool-1 - Pool stats (total=10, active=0, idle=10, waiting=0)
2025-03-20T06:43:32.711+05:30 DEBUG 15040 --- [AddressBook] [HikariPool-1 housekeeper] com.zaxxer.hikari.pool.HikariPool        : HikariPool-1 - Fill pool skipped, pool has sufficient level or currently being filled.
2025-03-20T06:43:32.987+05:30 DEBUG 15040 --- [AddressBook] [HikariPool-1 connection closer] com.zaxxer.hikari.pool.PoolBase          : HikariPool-1 - Closing connection com.mysql.cj.jdbc.ConnectionImpl@2966e486: (connection has passed maxLifetime)
2025-03-20T06:43:33.321+05:30 DEBUG 15040 --- [AddressBook] [HikariPool-1 connection closer] com.zaxxer.hikari.pool.PoolBase          : HikariPool-1 - Closing connection com.mysql.cj.jdbc.ConnectionImpl@24f681f5: (connection has passed maxLifetime)
2025-03-20T06:43:33.328+05:30 DEBUG 15040 --- [AddressBook] [HikariPool-1 connection closer] com.zaxxer.hikari.pool.PoolBase          : HikariPool-1 - Closing connection com.mysql.cj.jdbc.ConnectionImpl@77b51ff4: (connection has passed maxLifetime)
2025-03-20T06:43:33.331+05:30 DEBUG 15040 --- [AddressBook] [HikariPool-1 connection closer] com.zaxxer.hikari.pool.PoolBase          : HikariPool-1 - Closing connection com.mysql.cj.jdbc.ConnectionImpl@72bf14f4: (connection has passed maxLifetime)
2025-03-20T06:43:33.336+05:30 DEBUG 15040 --- [AddressBook] [HikariPool-1 connection closer] com.zaxxer.hikari.pool.PoolBase          : HikariPool-1 - Closing connection com.mysql.cj.jdbc.ConnectionImpl@17798f74: (connection has passed maxLifetime)
2025-03-20T06:43:33.339+05:30 DEBUG 15040 --- [AddressBook] [HikariPool-1 connection closer] com.zaxxer.hikari.pool.PoolBase          : HikariPool-1 - Closing connection com.mysql.cj.jdbc.ConnectionImpl@3225a0d2: (connection has passed maxLifetime)
2025-03-20T06:43:33.343+05:30 DEBUG 15040 --- [AddressBook] [HikariPool-1 connection closer] com.zaxxer.hikari.pool.PoolBase          : HikariPool-1 - Closing connection com.mysql.cj.jdbc.ConnectionImpl@6758f085: (connection has passed maxLifetime)
2025-03-20T06:43:33.348+05:30 DEBUG 15040 --- [AddressBook] [HikariPool-1 connection closer] com.zaxxer.hikari.pool.PoolBase          : HikariPool-1 - Closing connection com.mysql.cj.jdbc.ConnectionImpl@85f4bb6: (connection has passed maxLifetime)
2025-03-20T06:43:33.351+05:30 DEBUG 15040 --- [AddressBook] [HikariPool-1 connection closer] com.zaxxer.hikari.pool.PoolBase          : HikariPool-1 - Closing connection com.mysql.cj.jdbc.ConnectionImpl@5644854f: (connection has passed maxLifetime)
2025-03-20T06:43:33.356+05:30 DEBUG 15040 --- [AddressBook] [HikariPool-1 connection closer] com.zaxxer.hikari.pool.PoolBase          : HikariPool-1 - Closing connection com.mysql.cj.jdbc.ConnectionImpl@366b7a00: (connection has passed maxLifetime)
2025-03-20T06:43:35.847+05:30 DEBUG 15040 --- [AddressBook] [HikariPool-1 connection adder] jdk.event.security                       : X509Certificate: Alg:SHA256withRSA, Serial:2, Subject:CN=MySQL_Server_9.2.0_Auto_Generated_Server_Certificate, Issuer:CN=MySQL_Server_9.2.0_Auto_Generated_CA_Certificate, Key type:RSA, Length:2048, Cert Id:3349399474, Valid from:06/03/25, 2:46 pm, Valid until:04/03/35, 2:46 pm
2025-03-20T06:43:35.849+05:30 DEBUG 15040 --- [AddressBook] [HikariPool-1 connection adder] jdk.event.security                       : X509Certificate: Alg:SHA256withRSA, Serial:1, Subject:CN=MySQL_Server_9.2.0_Auto_Generated_CA_Certificate, Issuer:CN=MySQL_Server_9.2.0_Auto_Generated_CA_Certificate, Key type:RSA, Length:2048, Cert Id:3466883746, Valid from:06/03/25, 2:46 pm, Valid until:04/03/35, 2:46 pm
2025-03-20T06:43:35.878+05:30 DEBUG 15040 --- [AddressBook] [HikariPool-1 connection adder] jdk.event.security                       :  TLSHandshake: localhost:3306, TLSv1.3, TLS_AES_128_GCM_SHA256, 3349399474
2025-03-20T06:45:36.181+05:30  WARN 15040 --- [AddressBook] [AMQP Connection 127.0.0.1:5672] c.r.c.impl.ForgivingExceptionHandler     : An unexpected connection driver error occurred (Exception message: Connection reset)
2025-03-20T06:45:37.307+05:30 DEBUG 15040 --- [AddressBook] [pool-3-thread-4] o.s.a.r.listener.BlockingQueueConsumer   : Received shutdown signal for consumer tag=amq.ctag-clj4vnb_cwJUaM7aSpADpg

com.rabbitmq.client.ShutdownSignalException: connection error
	at com.rabbitmq.client.impl.AMQConnection.startShutdown(AMQConnection.java:1007) ~[amqp-client-5.22.0.jar:5.22.0]
	at com.rabbitmq.client.impl.AMQConnection.shutdown(AMQConnection.java:997) ~[amqp-client-5.22.0.jar:5.22.0]
	at com.rabbitmq.client.impl.AMQConnection.handleFailure(AMQConnection.java:801) ~[amqp-client-5.22.0.jar:5.22.0]
	at com.rabbitmq.client.impl.AMQConnection.access$500(AMQConnection.java:48) ~[amqp-client-5.22.0.jar:5.22.0]
	at com.rabbitmq.client.impl.AMQConnection$MainLoop.run(AMQConnection.java:696) ~[amqp-client-5.22.0.jar:5.22.0]
	at java.base/java.lang.Thread.run(Thread.java:1623) ~[na:na]
Caused by: java.net.SocketException: Connection reset
	at java.base/sun.nio.ch.NioSocketImpl.implRead(NioSocketImpl.java:313) ~[na:na]
	at java.base/sun.nio.ch.NioSocketImpl.read(NioSocketImpl.java:340) ~[na:na]
	at java.base/sun.nio.ch.NioSocketImpl$1.read(NioSocketImpl.java:789) ~[na:na]
	at java.base/java.net.Socket$SocketInputStream.read(Socket.java:1025) ~[na:na]
	at java.base/java.io.BufferedInputStream.fill(BufferedInputStream.java:258) ~[na:na]
	at java.base/java.io.BufferedInputStream.implRead(BufferedInputStream.java:292) ~[na:na]
	at java.base/java.io.BufferedInputStream.read(BufferedInputStream.java:279) ~[na:na]
	at java.base/java.io.DataInputStream.readUnsignedByte(DataInputStream.java:288) ~[na:na]
	at com.rabbitmq.client.impl.Frame.readFrom(Frame.java:91) ~[amqp-client-5.22.0.jar:5.22.0]
	at com.rabbitmq.client.impl.SocketFrameHandler.readFrame(SocketFrameHandler.java:199) ~[amqp-client-5.22.0.jar:5.22.0]
	at com.rabbitmq.client.impl.AMQConnection$MainLoop.run(AMQConnection.java:687) ~[amqp-client-5.22.0.jar:5.22.0]
	... 1 common frames omitted

2025-03-20T06:45:39.457+05:30 DEBUG 15040 --- [AddressBook] [org.springframework.amqp.rabbit.RabbitListenerEndpointContainer#0-1] o.s.a.r.l.SimpleMessageListenerContainer : Consumer raised exception, processing can restart if the connection factory supports it

com.rabbitmq.client.ShutdownSignalException: connection error
	at com.rabbitmq.client.impl.AMQConnection.startShutdown(AMQConnection.java:1007) ~[amqp-client-5.22.0.jar:5.22.0]
	at com.rabbitmq.client.impl.AMQConnection.shutdown(AMQConnection.java:997) ~[amqp-client-5.22.0.jar:5.22.0]
	at com.rabbitmq.client.impl.AMQConnection.handleFailure(AMQConnection.java:801) ~[amqp-client-5.22.0.jar:5.22.0]
	at com.rabbitmq.client.impl.AMQConnection.access$500(AMQConnection.java:48) ~[amqp-client-5.22.0.jar:5.22.0]
	at com.rabbitmq.client.impl.AMQConnection$MainLoop.run(AMQConnection.java:696) ~[amqp-client-5.22.0.jar:5.22.0]
	at java.base/java.lang.Thread.run(Thread.java:1623) ~[na:na]
Caused by: java.net.SocketException: Connection reset
	at java.base/sun.nio.ch.NioSocketImpl.implRead(NioSocketImpl.java:313) ~[na:na]
	at java.base/sun.nio.ch.NioSocketImpl.read(NioSocketImpl.java:340) ~[na:na]
	at java.base/sun.nio.ch.NioSocketImpl$1.read(NioSocketImpl.java:789) ~[na:na]
	at java.base/java.net.Socket$SocketInputStream.read(Socket.java:1025) ~[na:na]
	at java.base/java.io.BufferedInputStream.fill(BufferedInputStream.java:258) ~[na:na]
	at java.base/java.io.BufferedInputStream.implRead(BufferedInputStream.java:292) ~[na:na]
	at java.base/java.io.BufferedInputStream.read(BufferedInputStream.java:279) ~[na:na]
	at java.base/java.io.DataInputStream.readUnsignedByte(DataInputStream.java:288) ~[na:na]
	at com.rabbitmq.client.impl.Frame.readFrom(Frame.java:91) ~[amqp-client-5.22.0.jar:5.22.0]
	at com.rabbitmq.client.impl.SocketFrameHandler.readFrame(SocketFrameHandler.java:199) ~[amqp-client-5.22.0.jar:5.22.0]
	at com.rabbitmq.client.impl.AMQConnection$MainLoop.run(AMQConnection.java:687) ~[amqp-client-5.22.0.jar:5.22.0]
	... 1 common frames omitted

2025-03-20T06:45:40.318+05:30  INFO 15040 --- [AddressBook] [org.springframework.amqp.rabbit.RabbitListenerEndpointContainer#0-1] o.s.a.r.l.SimpleMessageListenerContainer : Restarting Consumer@1172db1e: tags=[[amq.ctag-clj4vnb_cwJUaM7aSpADpg]], channel=Cached Rabbit Channel: AMQChannel(amqp://guest@127.0.0.1:5672/,1), conn: Proxy@2873aaa2 Shared Rabbit Connection: SimpleConnection@1859f02b [delegate=amqp://guest@127.0.0.1:5672/, localPort=59107], acknowledgeMode=AUTO local queue size=0
2025-03-20T06:45:40.320+05:30 DEBUG 15040 --- [AddressBook] [org.springframework.amqp.rabbit.RabbitListenerEndpointContainer#0-1] o.s.a.r.listener.BlockingQueueConsumer   : Closing Rabbit Channel: Cached Rabbit Channel: AMQChannel(amqp://guest@127.0.0.1:5672/,1), conn: Proxy@2873aaa2 Shared Rabbit Connection: SimpleConnection@1859f02b [delegate=amqp://guest@127.0.0.1:5672/, localPort=59107]
2025-03-20T06:45:40.332+05:30 DEBUG 15040 --- [AddressBook] [org.springframework.amqp.rabbit.RabbitListenerEndpointContainer#0-1] o.s.a.r.c.CachingConnectionFactory       : Closing cached Channel: AMQChannel(amqp://guest@127.0.0.1:5672/,1)
2025-03-20T06:45:40.691+05:30 DEBUG 15040 --- [AddressBook] [HikariPool-1 connection adder] com.zaxxer.hikari.pool.PoolBase          : HikariPool-1 - Failed to create/setup connection: Communications link failure

The last packet sent successfully to the server was 0 milliseconds ago. The driver has not received any packets from the server.
2025-03-20T06:45:40.693+05:30 DEBUG 15040 --- [AddressBook] [HikariPool-1 connection adder] com.zaxxer.hikari.pool.HikariPool        : HikariPool-1 - Cannot acquire connection from data source

com.mysql.cj.jdbc.exceptions.CommunicationsException: Communications link failure

The last packet sent successfully to the server was 0 milliseconds ago. The driver has not received any packets from the server.
	at com.mysql.cj.jdbc.exceptions.SQLError.createCommunicationsException(SQLError.java:165) ~[mysql-connector-j-9.1.0.jar:9.1.0]
	at com.mysql.cj.jdbc.exceptions.SQLExceptionsMapping.translateException(SQLExceptionsMapping.java:55) ~[mysql-connector-j-9.1.0.jar:9.1.0]
	at com.mysql.cj.jdbc.ConnectionImpl.createNewIO(ConnectionImpl.java:837) ~[mysql-connector-j-9.1.0.jar:9.1.0]
	at com.mysql.cj.jdbc.ConnectionImpl.<init>(ConnectionImpl.java:420) ~[mysql-connector-j-9.1.0.jar:9.1.0]
	at com.mysql.cj.jdbc.ConnectionImpl.getInstance(ConnectionImpl.java:238) ~[mysql-connector-j-9.1.0.jar:9.1.0]
	at com.mysql.cj.jdbc.NonRegisteringDriver.connect(NonRegisteringDriver.java:180) ~[mysql-connector-j-9.1.0.jar:9.1.0]
	at com.zaxxer.hikari.util.DriverDataSource.getConnection(DriverDataSource.java:137) ~[HikariCP-5.1.0.jar:na]
	at com.zaxxer.hikari.pool.PoolBase.newConnection(PoolBase.java:360) ~[HikariCP-5.1.0.jar:na]
	at com.zaxxer.hikari.pool.PoolBase.newPoolEntry(PoolBase.java:202) ~[HikariCP-5.1.0.jar:na]
	at com.zaxxer.hikari.pool.HikariPool.createPoolEntry(HikariPool.java:461) ~[HikariCP-5.1.0.jar:na]
	at com.zaxxer.hikari.pool.HikariPool$PoolEntryCreator.call(HikariPool.java:724) ~[HikariCP-5.1.0.jar:na]
	at com.zaxxer.hikari.pool.HikariPool$PoolEntryCreator.call(HikariPool.java:703) ~[HikariCP-5.1.0.jar:na]
	at java.base/java.util.concurrent.FutureTask.run(FutureTask.java:317) ~[na:na]
	at java.base/java.util.concurrent.ThreadPoolExecutor.runWorker(ThreadPoolExecutor.java:1144) ~[na:na]
	at java.base/java.util.concurrent.ThreadPoolExecutor$Worker.run(ThreadPoolExecutor.java:642) ~[na:na]
	at java.base/java.lang.Thread.run(Thread.java:1623) ~[na:na]
Caused by: com.mysql.cj.exceptions.CJCommunicationsException: Communications link failure

The last packet sent successfully to the server was 0 milliseconds ago. The driver has not received any packets from the server.
	at java.base/jdk.internal.reflect.DirectConstructorHandleAccessor.newInstance(DirectConstructorHandleAccessor.java:67) ~[na:na]
	at java.base/java.lang.reflect.Constructor.newInstanceWithCaller(Constructor.java:500) ~[na:na]
	at java.base/java.lang.reflect.Constructor.newInstance(Constructor.java:484) ~[na:na]
	at com.mysql.cj.exceptions.ExceptionFactory.createException(ExceptionFactory.java:52) ~[mysql-connector-j-9.1.0.jar:9.1.0]
	at com.mysql.cj.exceptions.ExceptionFactory.createException(ExceptionFactory.java:95) ~[mysql-connector-j-9.1.0.jar:9.1.0]
	at com.mysql.cj.exceptions.ExceptionFactory.createException(ExceptionFactory.java:140) ~[mysql-connector-j-9.1.0.jar:9.1.0]
	at com.mysql.cj.exceptions.ExceptionFactory.createCommunicationsException(ExceptionFactory.java:156) ~[mysql-connector-j-9.1.0.jar:9.1.0]
	at com.mysql.cj.protocol.a.NativeProtocol.afterHandshake(NativeProtocol.java:436) ~[mysql-connector-j-9.1.0.jar:9.1.0]
	at com.mysql.cj.protocol.a.NativeAuthenticationProvider.proceedHandshakeWithPluggableAuthentication(NativeAuthenticationProvider.java:528) ~[mysql-connector-j-9.1.0.jar:9.1.0]
	at com.mysql.cj.protocol.a.NativeAuthenticationProvider.connect(NativeAuthenticationProvider.java:206) ~[mysql-connector-j-9.1.0.jar:9.1.0]
	at com.mysql.cj.protocol.a.NativeProtocol.connect(NativeProtocol.java:1333) ~[mysql-connector-j-9.1.0.jar:9.1.0]
	at com.mysql.cj.NativeSession.connect(NativeSession.java:155) ~[mysql-connector-j-9.1.0.jar:9.1.0]
	at com.mysql.cj.jdbc.ConnectionImpl.connectOneTryOnly(ConnectionImpl.java:961) ~[mysql-connector-j-9.1.0.jar:9.1.0]
	at com.mysql.cj.jdbc.ConnectionImpl.createNewIO(ConnectionImpl.java:825) ~[mysql-connector-j-9.1.0.jar:9.1.0]
	... 13 common frames omitted
Caused by: java.net.SocketException: Connection attempt exceeded defined timeout.
	at com.mysql.cj.protocol.StandardSocketFactory.resetLoginTimeCountdown(StandardSocketFactory.java:205) ~[mysql-connector-j-9.1.0.jar:9.1.0]
	at com.mysql.cj.protocol.StandardSocketFactory.afterHandshake(StandardSocketFactory.java:190) ~[mysql-connector-j-9.1.0.jar:9.1.0]
	at com.mysql.cj.protocol.a.NativeProtocol.afterHandshake(NativeProtocol.java:434) ~[mysql-connector-j-9.1.0.jar:9.1.0]
	... 19 common frames omitted

2025-03-20T06:45:40.931+05:30 DEBUG 15040 --- [AddressBook] [HikariPool-1 connection adder] jdk.event.security                       : X509Certificate: Alg:SHA256withRSA, Serial:2, Subject:CN=MySQL_Server_9.2.0_Auto_Generated_Server_Certificate, Issuer:CN=MySQL_Server_9.2.0_Auto_Generated_CA_Certificate, Key type:RSA, Length:2048, Cert Id:3349399474, Valid from:06/03/25, 2:46 pm, Valid until:04/03/35, 2:46 pm
2025-03-20T06:45:40.932+05:30 DEBUG 15040 --- [AddressBook] [HikariPool-1 connection adder] jdk.event.security                       : X509Certificate: Alg:SHA256withRSA, Serial:1, Subject:CN=MySQL_Server_9.2.0_Auto_Generated_CA_Certificate, Issuer:CN=MySQL_Server_9.2.0_Auto_Generated_CA_Certificate, Key type:RSA, Length:2048, Cert Id:3466883746, Valid from:06/03/25, 2:46 pm, Valid until:04/03/35, 2:46 pm
2025-03-20T06:45:40.935+05:30 DEBUG 15040 --- [AddressBook] [HikariPool-1 connection adder] jdk.event.security                       :  TLSHandshake: localhost:3306, TLSv1.3, TLS_AES_128_GCM_SHA256, 3349399474
2025-03-20T06:45:40.991+05:30 DEBUG 15040 --- [AddressBook] [HikariPool-1 connection adder] com.zaxxer.hikari.pool.HikariPool        : HikariPool-1 - Added connection com.mysql.cj.jdbc.ConnectionImpl@4d0174c5
2025-03-20T06:45:41.010+05:30  INFO 15040 --- [AddressBook] [org.springframework.amqp.rabbit.RabbitListenerEndpointContainer#0-2] o.s.a.r.c.CachingConnectionFactory       : Attempting to connect to: [localhost:5672]
2025-03-20T06:45:41.029+05:30 DEBUG 15040 --- [AddressBook] [HikariPool-1 connection adder] com.zaxxer.hikari.pool.HikariPool        : HikariPool-1 - Connection not added, stats (total=1, active=0, idle=1, waiting=0)
2025-03-20T06:45:41.032+05:30 DEBUG 15040 --- [AddressBook] [org.springframework.amqp.rabbit.RabbitListenerEndpointContainer#0-2] c.r.client.impl.ConsumerWorkService      : Creating executor service with 8 thread(s) for consumer work service
2025-03-20T06:45:41.040+05:30 DEBUG 15040 --- [AddressBook] [HikariPool-1 connection adder] jdk.event.security                       : X509Certificate: Alg:SHA256withRSA, Serial:2, Subject:CN=MySQL_Server_9.2.0_Auto_Generated_Server_Certificate, Issuer:CN=MySQL_Server_9.2.0_Auto_Generated_CA_Certificate, Key type:RSA, Length:2048, Cert Id:3349399474, Valid from:06/03/25, 2:46 pm, Valid until:04/03/35, 2:46 pm
2025-03-20T06:45:41.041+05:30 DEBUG 15040 --- [AddressBook] [HikariPool-1 connection adder] jdk.event.security                       : X509Certificate: Alg:SHA256withRSA, Serial:1, Subject:CN=MySQL_Server_9.2.0_Auto_Generated_CA_Certificate, Issuer:CN=MySQL_Server_9.2.0_Auto_Generated_CA_Certificate, Key type:RSA, Length:2048, Cert Id:3466883746, Valid from:06/03/25, 2:46 pm, Valid until:04/03/35, 2:46 pm
2025-03-20T06:45:41.043+05:30 DEBUG 15040 --- [AddressBook] [HikariPool-1 connection adder] jdk.event.security                       :  TLSHandshake: localhost:3306, TLSv1.3, TLS_AES_128_GCM_SHA256, 3349399474
2025-03-20T06:45:41.049+05:30 DEBUG 15040 --- [AddressBook] [HikariPool-1 connection adder] com.zaxxer.hikari.pool.HikariPool        : HikariPool-1 - Added connection com.mysql.cj.jdbc.ConnectionImpl@384be98
2025-03-20T06:45:41.091+05:30 DEBUG 15040 --- [AddressBook] [HikariPool-1 connection adder] com.zaxxer.hikari.pool.HikariPool        : HikariPool-1 - Connection not added, stats (total=2, active=0, idle=2, waiting=0)
2025-03-20T06:45:41.107+05:30 DEBUG 15040 --- [AddressBook] [HikariPool-1 connection adder] jdk.event.security                       : X509Certificate: Alg:SHA256withRSA, Serial:2, Subject:CN=MySQL_Server_9.2.0_Auto_Generated_Server_Certificate, Issuer:CN=MySQL_Server_9.2.0_Auto_Generated_CA_Certificate, Key type:RSA, Length:2048, Cert Id:3349399474, Valid from:06/03/25, 2:46 pm, Valid until:04/03/35, 2:46 pm
2025-03-20T06:45:41.108+05:30 DEBUG 15040 --- [AddressBook] [HikariPool-1 connection adder] jdk.event.security                       : X509Certificate: Alg:SHA256withRSA, Serial:1, Subject:CN=MySQL_Server_9.2.0_Auto_Generated_CA_Certificate, Issuer:CN=MySQL_Server_9.2.0_Auto_Generated_CA_Certificate, Key type:RSA, Length:2048, Cert Id:3466883746, Valid from:06/03/25, 2:46 pm, Valid until:04/03/35, 2:46 pm
2025-03-20T06:45:41.111+05:30 DEBUG 15040 --- [AddressBook] [HikariPool-1 connection adder] jdk.event.security                       :  TLSHandshake: localhost:3306, TLSv1.3, TLS_AES_128_GCM_SHA256, 3349399474
2025-03-20T06:45:41.114+05:30 DEBUG 15040 --- [AddressBook] [HikariPool-1 connection adder] com.zaxxer.hikari.pool.HikariPool        : HikariPool-1 - Added connection com.mysql.cj.jdbc.ConnectionImpl@5bae5cf0
2025-03-20T06:45:41.681+05:30 DEBUG 15040 --- [AddressBook] [HikariPool-1 connection adder] com.zaxxer.hikari.pool.HikariPool        : HikariPool-1 - Connection not added, stats (total=3, active=0, idle=3, waiting=0)
2025-03-20T06:45:41.699+05:30 DEBUG 15040 --- [AddressBook] [HikariPool-1 connection adder] jdk.event.security                       : X509Certificate: Alg:SHA256withRSA, Serial:2, Subject:CN=MySQL_Server_9.2.0_Auto_Generated_Server_Certificate, Issuer:CN=MySQL_Server_9.2.0_Auto_Generated_CA_Certificate, Key type:RSA, Length:2048, Cert Id:3349399474, Valid from:06/03/25, 2:46 pm, Valid until:04/03/35, 2:46 pm
2025-03-20T06:45:41.699+05:30 DEBUG 15040 --- [AddressBook] [HikariPool-1 connection adder] jdk.event.security                       : X509Certificate: Alg:SHA256withRSA, Serial:1, Subject:CN=MySQL_Server_9.2.0_Auto_Generated_CA_Certificate, Issuer:CN=MySQL_Server_9.2.0_Auto_Generated_CA_Certificate, Key type:RSA, Length:2048, Cert Id:3466883746, Valid from:06/03/25, 2:46 pm, Valid until:04/03/35, 2:46 pm
2025-03-20T06:45:41.701+05:30 DEBUG 15040 --- [AddressBook] [HikariPool-1 connection adder] jdk.event.security                       :  TLSHandshake: localhost:3306, TLSv1.3, TLS_AES_128_GCM_SHA256, 3349399474
2025-03-20T06:45:41.709+05:30 DEBUG 15040 --- [AddressBook] [HikariPool-1 connection adder] com.zaxxer.hikari.pool.HikariPool        : HikariPool-1 - Added connection com.mysql.cj.jdbc.ConnectionImpl@47460a83
2025-03-20T06:45:41.722+05:30  INFO 15040 --- [AddressBook] [org.springframework.amqp.rabbit.RabbitListenerEndpointContainer#0-2] o.s.a.r.c.CachingConnectionFactory       : Created new connection: rabbitConnectionFactory#7e734632:1/SimpleConnection@47093c5a [delegate=amqp://guest@127.0.0.1:5672/, localPort=49281]
2025-03-20T06:45:41.724+05:30 DEBUG 15040 --- [AddressBook] [org.springframework.amqp.rabbit.RabbitListenerEndpointContainer#0-2] o.s.retry.support.RetryTemplate          : Retry: count=0
2025-03-20T06:45:41.724+05:30 DEBUG 15040 --- [AddressBook] [org.springframework.amqp.rabbit.RabbitListenerEndpointContainer#0-2] o.s.amqp.rabbit.core.RabbitAdmin         : Initializing declarations
2025-03-20T06:45:41.738+05:30 DEBUG 15040 --- [AddressBook] [org.springframework.amqp.rabbit.RabbitListenerEndpointContainer#0-2] o.s.a.r.c.CachingConnectionFactory       : Creating cached Rabbit Channel from AMQChannel(amqp://guest@127.0.0.1:5672/,1)
2025-03-20T06:45:41.738+05:30 DEBUG 15040 --- [AddressBook] [org.springframework.amqp.rabbit.RabbitListenerEndpointContainer#0-2] o.s.amqp.rabbit.core.RabbitTemplate      : Executing callback RabbitAdmin$$Lambda$2009/0x0000000801b89770 on RabbitMQ Channel: Cached Rabbit Channel: AMQChannel(amqp://guest@127.0.0.1:5672/,1), conn: Proxy@2873aaa2 Shared Rabbit Connection: SimpleConnection@47093c5a [delegate=amqp://guest@127.0.0.1:5672/, localPort=49281]
2025-03-20T06:45:41.738+05:30 DEBUG 15040 --- [AddressBook] [org.springframework.amqp.rabbit.RabbitListenerEndpointContainer#0-2] o.s.amqp.rabbit.core.RabbitAdmin         : declaring Queue 'addressbook_queue'
2025-03-20T06:45:41.748+05:30 DEBUG 15040 --- [AddressBook] [HikariPool-1 connection adder] com.zaxxer.hikari.pool.HikariPool        : HikariPool-1 - Connection not added, stats (total=4, active=0, idle=4, waiting=0)
2025-03-20T06:45:41.752+05:30 DEBUG 15040 --- [AddressBook] [org.springframework.amqp.rabbit.RabbitListenerEndpointContainer#0-2] o.s.amqp.rabbit.core.RabbitAdmin         : Declarations finished
2025-03-20T06:45:41.762+05:30 DEBUG 15040 --- [AddressBook] [HikariPool-1 connection adder] jdk.event.security                       : X509Certificate: Alg:SHA256withRSA, Serial:2, Subject:CN=MySQL_Server_9.2.0_Auto_Generated_Server_Certificate, Issuer:CN=MySQL_Server_9.2.0_Auto_Generated_CA_Certificate, Key type:RSA, Length:2048, Cert Id:3349399474, Valid from:06/03/25, 2:46 pm, Valid until:04/03/35, 2:46 pm
2025-03-20T06:45:41.762+05:30 DEBUG 15040 --- [AddressBook] [HikariPool-1 connection adder] jdk.event.security                       : X509Certificate: Alg:SHA256withRSA, Serial:1, Subject:CN=MySQL_Server_9.2.0_Auto_Generated_CA_Certificate, Issuer:CN=MySQL_Server_9.2.0_Auto_Generated_CA_Certificate, Key type:RSA, Length:2048, Cert Id:3466883746, Valid from:06/03/25, 2:46 pm, Valid until:04/03/35, 2:46 pm
2025-03-20T06:45:41.764+05:30 DEBUG 15040 --- [AddressBook] [HikariPool-1 connection adder] jdk.event.security                       :  TLSHandshake: localhost:3306, TLSv1.3, TLS_AES_128_GCM_SHA256, 3349399474
2025-03-20T06:45:41.770+05:30 DEBUG 15040 --- [AddressBook] [HikariPool-1 connection adder] com.zaxxer.hikari.pool.HikariPool        : HikariPool-1 - Added connection com.mysql.cj.jdbc.ConnectionImpl@e2f5eca
2025-03-20T06:45:41.780+05:30 DEBUG 15040 --- [AddressBook] [org.springframework.amqp.rabbit.RabbitListenerEndpointContainer#0-2] o.s.a.r.c.CachingConnectionFactory       : Creating cached Rabbit Channel from AMQChannel(amqp://guest@127.0.0.1:5672/,2)
2025-03-20T06:45:41.782+05:30 DEBUG 15040 --- [AddressBook] [org.springframework.amqp.rabbit.RabbitListenerEndpointContainer#0-2] o.s.amqp.rabbit.core.RabbitTemplate      : Executing callback RabbitAdmin$$Lambda$2017/0x0000000801b8f440 on RabbitMQ Channel: Cached Rabbit Channel: AMQChannel(amqp://guest@127.0.0.1:5672/,2), conn: Proxy@2873aaa2 Shared Rabbit Connection: SimpleConnection@47093c5a [delegate=amqp://guest@127.0.0.1:5672/, localPort=49281]
2025-03-20T06:45:41.792+05:30 DEBUG 15040 --- [AddressBook] [org.springframework.amqp.rabbit.RabbitListenerEndpointContainer#0-2] o.s.a.r.listener.BlockingQueueConsumer   : Starting consumer Consumer@45815f57: tags=[[]], channel=null, acknowledgeMode=AUTO local queue size=0
2025-03-20T06:45:41.810+05:30 DEBUG 15040 --- [AddressBook] [HikariPool-1 connection adder] com.zaxxer.hikari.pool.HikariPool        : HikariPool-1 - Connection not added, stats (total=5, active=0, idle=5, waiting=0)
2025-03-20T06:45:41.818+05:30 DEBUG 15040 --- [AddressBook] [org.springframework.amqp.rabbit.RabbitListenerEndpointContainer#0-2] o.s.a.r.listener.BlockingQueueConsumer   : Started on queue 'addressbook_queue' with tag amq.ctag-xRv0I5aAyJPYd1aEp8qOxA: Consumer@45815f57: tags=[[]], channel=Cached Rabbit Channel: AMQChannel(amqp://guest@127.0.0.1:5672/,1), conn: Proxy@2873aaa2 Shared Rabbit Connection: SimpleConnection@47093c5a [delegate=amqp://guest@127.0.0.1:5672/, localPort=49281], acknowledgeMode=AUTO local queue size=0
2025-03-20T06:45:41.819+05:30 DEBUG 15040 --- [AddressBook] [pool-3-thread-8] o.s.a.r.listener.BlockingQueueConsumer   : ConsumeOK: Consumer@45815f57: tags=[[amq.ctag-xRv0I5aAyJPYd1aEp8qOxA]], channel=Cached Rabbit Channel: AMQChannel(amqp://guest@127.0.0.1:5672/,1), conn: Proxy@2873aaa2 Shared Rabbit Connection: SimpleConnection@47093c5a [delegate=amqp://guest@127.0.0.1:5672/, localPort=49281], acknowledgeMode=AUTO local queue size=0
2025-03-20T06:45:41.823+05:30 DEBUG 15040 --- [AddressBook] [HikariPool-1 connection adder] jdk.event.security                       : X509Certificate: Alg:SHA256withRSA, Serial:2, Subject:CN=MySQL_Server_9.2.0_Auto_Generated_Server_Certificate, Issuer:CN=MySQL_Server_9.2.0_Auto_Generated_CA_Certificate, Key type:RSA, Length:2048, Cert Id:3349399474, Valid from:06/03/25, 2:46 pm, Valid until:04/03/35, 2:46 pm
2025-03-20T06:45:41.823+05:30 DEBUG 15040 --- [AddressBook] [HikariPool-1 connection adder] jdk.event.security                       : X509Certificate: Alg:SHA256withRSA, Serial:1, Subject:CN=MySQL_Server_9.2.0_Auto_Generated_CA_Certificate, Issuer:CN=MySQL_Server_9.2.0_Auto_Generated_CA_Certificate, Key type:RSA, Length:2048, Cert Id:3466883746, Valid from:06/03/25, 2:46 pm, Valid until:04/03/35, 2:46 pm
2025-03-20T06:45:41.824+05:30 DEBUG 15040 --- [AddressBook] [HikariPool-1 connection adder] jdk.event.security                       :  TLSHandshake: localhost:3306, TLSv1.3, TLS_AES_128_GCM_SHA256, 3349399474
2025-03-20T06:45:41.831+05:30 DEBUG 15040 --- [AddressBook] [HikariPool-1 connection adder] com.zaxxer.hikari.pool.HikariPool        : HikariPool-1 - Added connection com.mysql.cj.jdbc.ConnectionImpl@1879a08a
2025-03-20T06:45:41.873+05:30 DEBUG 15040 --- [AddressBook] [HikariPool-1 connection adder] com.zaxxer.hikari.pool.HikariPool        : HikariPool-1 - Connection not added, stats (total=6, active=0, idle=6, waiting=0)
2025-03-20T06:45:41.884+05:30 DEBUG 15040 --- [AddressBook] [HikariPool-1 connection adder] jdk.event.security                       : X509Certificate: Alg:SHA256withRSA, Serial:2, Subject:CN=MySQL_Server_9.2.0_Auto_Generated_Server_Certificate, Issuer:CN=MySQL_Server_9.2.0_Auto_Generated_CA_Certificate, Key type:RSA, Length:2048, Cert Id:3349399474, Valid from:06/03/25, 2:46 pm, Valid until:04/03/35, 2:46 pm
2025-03-20T06:45:41.885+05:30 DEBUG 15040 --- [AddressBook] [HikariPool-1 connection adder] jdk.event.security                       : X509Certificate: Alg:SHA256withRSA, Serial:1, Subject:CN=MySQL_Server_9.2.0_Auto_Generated_CA_Certificate, Issuer:CN=MySQL_Server_9.2.0_Auto_Generated_CA_Certificate, Key type:RSA, Length:2048, Cert Id:3466883746, Valid from:06/03/25, 2:46 pm, Valid until:04/03/35, 2:46 pm
2025-03-20T06:45:41.886+05:30 DEBUG 15040 --- [AddressBook] [HikariPool-1 connection adder] jdk.event.security                       :  TLSHandshake: localhost:3306, TLSv1.3, TLS_AES_128_GCM_SHA256, 3349399474
2025-03-20T06:45:41.891+05:30 DEBUG 15040 --- [AddressBook] [HikariPool-1 connection adder] com.zaxxer.hikari.pool.HikariPool        : HikariPool-1 - Added connection com.mysql.cj.jdbc.ConnectionImpl@35bafcdb
2025-03-20T06:45:41.935+05:30 DEBUG 15040 --- [AddressBook] [HikariPool-1 connection adder] com.zaxxer.hikari.pool.HikariPool        : HikariPool-1 - Connection not added, stats (total=7, active=0, idle=7, waiting=0)
2025-03-20T06:45:41.945+05:30 DEBUG 15040 --- [AddressBook] [HikariPool-1 connection adder] jdk.event.security                       : X509Certificate: Alg:SHA256withRSA, Serial:2, Subject:CN=MySQL_Server_9.2.0_Auto_Generated_Server_Certificate, Issuer:CN=MySQL_Server_9.2.0_Auto_Generated_CA_Certificate, Key type:RSA, Length:2048, Cert Id:3349399474, Valid from:06/03/25, 2:46 pm, Valid until:04/03/35, 2:46 pm
2025-03-20T06:45:41.945+05:30 DEBUG 15040 --- [AddressBook] [HikariPool-1 connection adder] jdk.event.security                       : X509Certificate: Alg:SHA256withRSA, Serial:1, Subject:CN=MySQL_Server_9.2.0_Auto_Generated_CA_Certificate, Issuer:CN=MySQL_Server_9.2.0_Auto_Generated_CA_Certificate, Key type:RSA, Length:2048, Cert Id:3466883746, Valid from:06/03/25, 2:46 pm, Valid until:04/03/35, 2:46 pm
2025-03-20T06:45:41.946+05:30 DEBUG 15040 --- [AddressBook] [HikariPool-1 connection adder] jdk.event.security                       :  TLSHandshake: localhost:3306, TLSv1.3, TLS_AES_128_GCM_SHA256, 3349399474
2025-03-20T06:45:41.950+05:30 DEBUG 15040 --- [AddressBook] [HikariPool-1 connection adder] com.zaxxer.hikari.pool.HikariPool        : HikariPool-1 - Added connection com.mysql.cj.jdbc.ConnectionImpl@6aeb7e6b
2025-03-20T06:45:41.981+05:30 DEBUG 15040 --- [AddressBook] [HikariPool-1 connection adder] com.zaxxer.hikari.pool.HikariPool        : HikariPool-1 - Connection not added, stats (total=8, active=0, idle=8, waiting=0)
2025-03-20T06:45:41.994+05:30 DEBUG 15040 --- [AddressBook] [HikariPool-1 connection adder] jdk.event.security                       : X509Certificate: Alg:SHA256withRSA, Serial:2, Subject:CN=MySQL_Server_9.2.0_Auto_Generated_Server_Certificate, Issuer:CN=MySQL_Server_9.2.0_Auto_Generated_CA_Certificate, Key type:RSA, Length:2048, Cert Id:3349399474, Valid from:06/03/25, 2:46 pm, Valid until:04/03/35, 2:46 pm
2025-03-20T06:45:41.994+05:30 DEBUG 15040 --- [AddressBook] [HikariPool-1 connection adder] jdk.event.security                       : X509Certificate: Alg:SHA256withRSA, Serial:1, Subject:CN=MySQL_Server_9.2.0_Auto_Generated_CA_Certificate, Issuer:CN=MySQL_Server_9.2.0_Auto_Generated_CA_Certificate, Key type:RSA, Length:2048, Cert Id:3466883746, Valid from:06/03/25, 2:46 pm, Valid until:04/03/35, 2:46 pm
2025-03-20T06:45:41.995+05:30 DEBUG 15040 --- [AddressBook] [HikariPool-1 connection adder] jdk.event.security                       :  TLSHandshake: localhost:3306, TLSv1.3, TLS_AES_128_GCM_SHA256, 3349399474
2025-03-20T06:45:41.999+05:30 DEBUG 15040 --- [AddressBook] [HikariPool-1 connection adder] com.zaxxer.hikari.pool.HikariPool        : HikariPool-1 - Added connection com.mysql.cj.jdbc.ConnectionImpl@70a3dc7c
2025-03-20T06:45:42.043+05:30 DEBUG 15040 --- [AddressBook] [HikariPool-1 connection adder] com.zaxxer.hikari.pool.HikariPool        : HikariPool-1 - Connection not added, stats (total=9, active=0, idle=9, waiting=0)
2025-03-20T06:45:42.076+05:30 DEBUG 15040 --- [AddressBook] [HikariPool-1 connection adder] jdk.event.security                       : X509Certificate: Alg:SHA256withRSA, Serial:2, Subject:CN=MySQL_Server_9.2.0_Auto_Generated_Server_Certificate, Issuer:CN=MySQL_Server_9.2.0_Auto_Generated_CA_Certificate, Key type:RSA, Length:2048, Cert Id:3349399474, Valid from:06/03/25, 2:46 pm, Valid until:04/03/35, 2:46 pm
2025-03-20T06:45:42.077+05:30 DEBUG 15040 --- [AddressBook] [HikariPool-1 connection adder] jdk.event.security                       : X509Certificate: Alg:SHA256withRSA, Serial:1, Subject:CN=MySQL_Server_9.2.0_Auto_Generated_CA_Certificate, Issuer:CN=MySQL_Server_9.2.0_Auto_Generated_CA_Certificate, Key type:RSA, Length:2048, Cert Id:3466883746, Valid from:06/03/25, 2:46 pm, Valid until:04/03/35, 2:46 pm
2025-03-20T06:45:42.078+05:30 DEBUG 15040 --- [AddressBook] [HikariPool-1 connection adder] jdk.event.security                       :  TLSHandshake: localhost:3306, TLSv1.3, TLS_AES_128_GCM_SHA256, 3349399474
2025-03-20T06:45:42.083+05:30 DEBUG 15040 --- [AddressBook] [HikariPool-1 connection adder] com.zaxxer.hikari.pool.HikariPool        : HikariPool-1 - Added connection com.mysql.cj.jdbc.ConnectionImpl@614ebefc
2025-03-20T06:45:42.120+05:30 DEBUG 15040 --- [AddressBook] [HikariPool-1 connection adder] com.zaxxer.hikari.pool.HikariPool        : HikariPool-1 - Connection not added, stats (total=10, active=0, idle=10, waiting=0)
2025-03-20T06:45:42.121+05:30 DEBUG 15040 --- [AddressBook] [HikariPool-1 connection adder] com.zaxxer.hikari.pool.HikariPool        : HikariPool-1 - Connection not added, stats (total=10, active=0, idle=10, waiting=0)
2025-03-20T08:56:16.836+05:30  WARN 15040 --- [AddressBook] [AMQP Connection 127.0.0.1:5672] c.r.c.impl.ForgivingExceptionHandler     : An unexpected connection driver error occurred (Exception message: Connection reset)
2025-03-20T08:56:17.126+05:30 DEBUG 15040 --- [AddressBook] [pool-3-thread-9] o.s.a.r.listener.BlockingQueueConsumer   : Received shutdown signal for consumer tag=amq.ctag-xRv0I5aAyJPYd1aEp8qOxA

com.rabbitmq.client.ShutdownSignalException: connection error
	at com.rabbitmq.client.impl.AMQConnection.startShutdown(AMQConnection.java:1007) ~[amqp-client-5.22.0.jar:5.22.0]
	at com.rabbitmq.client.impl.AMQConnection.shutdown(AMQConnection.java:997) ~[amqp-client-5.22.0.jar:5.22.0]
	at com.rabbitmq.client.impl.AMQConnection.handleFailure(AMQConnection.java:801) ~[amqp-client-5.22.0.jar:5.22.0]
	at com.rabbitmq.client.impl.AMQConnection.access$500(AMQConnection.java:48) ~[amqp-client-5.22.0.jar:5.22.0]
	at com.rabbitmq.client.impl.AMQConnection$MainLoop.run(AMQConnection.java:696) ~[amqp-client-5.22.0.jar:5.22.0]
	at java.base/java.lang.Thread.run(Thread.java:1623) ~[na:na]
Caused by: java.net.SocketException: Connection reset
	at java.base/sun.nio.ch.NioSocketImpl.implRead(NioSocketImpl.java:313) ~[na:na]
	at java.base/sun.nio.ch.NioSocketImpl.read(NioSocketImpl.java:340) ~[na:na]
	at java.base/sun.nio.ch.NioSocketImpl$1.read(NioSocketImpl.java:789) ~[na:na]
	at java.base/java.net.Socket$SocketInputStream.read(Socket.java:1025) ~[na:na]
	at java.base/java.io.BufferedInputStream.fill(BufferedInputStream.java:258) ~[na:na]
	at java.base/java.io.BufferedInputStream.implRead(BufferedInputStream.java:292) ~[na:na]
	at java.base/java.io.BufferedInputStream.read(BufferedInputStream.java:279) ~[na:na]
	at java.base/java.io.DataInputStream.readUnsignedByte(DataInputStream.java:288) ~[na:na]
	at com.rabbitmq.client.impl.Frame.readFrom(Frame.java:91) ~[amqp-client-5.22.0.jar:5.22.0]
	at com.rabbitmq.client.impl.SocketFrameHandler.readFrame(SocketFrameHandler.java:199) ~[amqp-client-5.22.0.jar:5.22.0]
	at com.rabbitmq.client.impl.AMQConnection$MainLoop.run(AMQConnection.java:687) ~[amqp-client-5.22.0.jar:5.22.0]
	... 1 common frames omitted

2025-03-20T08:56:18.085+05:30 DEBUG 15040 --- [AddressBook] [org.springframework.amqp.rabbit.RabbitListenerEndpointContainer#0-2] o.s.a.r.l.SimpleMessageListenerContainer : Consumer raised exception, processing can restart if the connection factory supports it

com.rabbitmq.client.ShutdownSignalException: connection error
	at com.rabbitmq.client.impl.AMQConnection.startShutdown(AMQConnection.java:1007) ~[amqp-client-5.22.0.jar:5.22.0]
	at com.rabbitmq.client.impl.AMQConnection.shutdown(AMQConnection.java:997) ~[amqp-client-5.22.0.jar:5.22.0]
	at com.rabbitmq.client.impl.AMQConnection.handleFailure(AMQConnection.java:801) ~[amqp-client-5.22.0.jar:5.22.0]
	at com.rabbitmq.client.impl.AMQConnection.access$500(AMQConnection.java:48) ~[amqp-client-5.22.0.jar:5.22.0]
	at com.rabbitmq.client.impl.AMQConnection$MainLoop.run(AMQConnection.java:696) ~[amqp-client-5.22.0.jar:5.22.0]
	at java.base/java.lang.Thread.run(Thread.java:1623) ~[na:na]
Caused by: java.net.SocketException: Connection reset
	at java.base/sun.nio.ch.NioSocketImpl.implRead(NioSocketImpl.java:313) ~[na:na]
	at java.base/sun.nio.ch.NioSocketImpl.read(NioSocketImpl.java:340) ~[na:na]
	at java.base/sun.nio.ch.NioSocketImpl$1.read(NioSocketImpl.java:789) ~[na:na]
	at java.base/java.net.Socket$SocketInputStream.read(Socket.java:1025) ~[na:na]
	at java.base/java.io.BufferedInputStream.fill(BufferedInputStream.java:258) ~[na:na]
	at java.base/java.io.BufferedInputStream.implRead(BufferedInputStream.java:292) ~[na:na]
	at java.base/java.io.BufferedInputStream.read(BufferedInputStream.java:279) ~[na:na]
	at java.base/java.io.DataInputStream.readUnsignedByte(DataInputStream.java:288) ~[na:na]
	at com.rabbitmq.client.impl.Frame.readFrom(Frame.java:91) ~[amqp-client-5.22.0.jar:5.22.0]
	at com.rabbitmq.client.impl.SocketFrameHandler.readFrame(SocketFrameHandler.java:199) ~[amqp-client-5.22.0.jar:5.22.0]
	at com.rabbitmq.client.impl.AMQConnection$MainLoop.run(AMQConnection.java:687) ~[amqp-client-5.22.0.jar:5.22.0]
	... 1 common frames omitted

2025-03-20T08:56:19.273+05:30  INFO 15040 --- [AddressBook] [org.springframework.amqp.rabbit.RabbitListenerEndpointContainer#0-2] o.s.a.r.l.SimpleMessageListenerContainer : Restarting Consumer@45815f57: tags=[[amq.ctag-xRv0I5aAyJPYd1aEp8qOxA]], channel=Cached Rabbit Channel: AMQChannel(amqp://guest@127.0.0.1:5672/,1), conn: Proxy@2873aaa2 Shared Rabbit Connection: SimpleConnection@47093c5a [delegate=amqp://guest@127.0.0.1:5672/, localPort=49281], acknowledgeMode=AUTO local queue size=0
2025-03-20T08:56:19.275+05:30 DEBUG 15040 --- [AddressBook] [org.springframework.amqp.rabbit.RabbitListenerEndpointContainer#0-2] o.s.a.r.listener.BlockingQueueConsumer   : Closing Rabbit Channel: Cached Rabbit Channel: AMQChannel(amqp://guest@127.0.0.1:5672/,1), conn: Proxy@2873aaa2 Shared Rabbit Connection: SimpleConnection@47093c5a [delegate=amqp://guest@127.0.0.1:5672/, localPort=49281]
2025-03-20T08:56:19.281+05:30 DEBUG 15040 --- [AddressBook] [org.springframework.amqp.rabbit.RabbitListenerEndpointContainer#0-2] o.s.a.r.c.CachingConnectionFactory       : Closing cached Channel: AMQChannel(amqp://guest@127.0.0.1:5672/,1)
2025-03-20T08:56:19.650+05:30  INFO 15040 --- [AddressBook] [org.springframework.amqp.rabbit.RabbitListenerEndpointContainer#0-3] o.s.a.r.c.CachingConnectionFactory       : Attempting to connect to: [localhost:5672]
2025-03-20T08:56:19.957+05:30 DEBUG 15040 --- [AddressBook] [org.springframework.amqp.rabbit.RabbitListenerEndpointContainer#0-3] c.r.client.impl.ConsumerWorkService      : Creating executor service with 8 thread(s) for consumer work service
2025-03-20T08:56:20.283+05:30  INFO 15040 --- [AddressBook] [org.springframework.amqp.rabbit.RabbitListenerEndpointContainer#0-3] o.s.a.r.c.CachingConnectionFactory       : Created new connection: rabbitConnectionFactory#7e734632:2/SimpleConnection@3c7ff3d8 [delegate=amqp://guest@127.0.0.1:5672/, localPort=50173]
2025-03-20T08:56:20.305+05:30 DEBUG 15040 --- [AddressBook] [org.springframework.amqp.rabbit.RabbitListenerEndpointContainer#0-3] o.s.retry.support.RetryTemplate          : Retry: count=0
2025-03-20T08:56:20.306+05:30 DEBUG 15040 --- [AddressBook] [org.springframework.amqp.rabbit.RabbitListenerEndpointContainer#0-3] o.s.amqp.rabbit.core.RabbitAdmin         : Initializing declarations
2025-03-20T08:56:20.373+05:30 DEBUG 15040 --- [AddressBook] [org.springframework.amqp.rabbit.RabbitListenerEndpointContainer#0-3] o.s.a.r.c.CachingConnectionFactory       : Creating cached Rabbit Channel from AMQChannel(amqp://guest@127.0.0.1:5672/,1)
2025-03-20T08:56:20.382+05:30 DEBUG 15040 --- [AddressBook] [org.springframework.amqp.rabbit.RabbitListenerEndpointContainer#0-3] o.s.amqp.rabbit.core.RabbitTemplate      : Executing callback RabbitAdmin$$Lambda$2009/0x0000000801b89770 on RabbitMQ Channel: Cached Rabbit Channel: AMQChannel(amqp://guest@127.0.0.1:5672/,1), conn: Proxy@2873aaa2 Shared Rabbit Connection: SimpleConnection@3c7ff3d8 [delegate=amqp://guest@127.0.0.1:5672/, localPort=50173]
2025-03-20T08:56:20.384+05:30 DEBUG 15040 --- [AddressBook] [org.springframework.amqp.rabbit.RabbitListenerEndpointContainer#0-3] o.s.amqp.rabbit.core.RabbitAdmin         : declaring Queue 'addressbook_queue'
2025-03-20T08:56:20.408+05:30 DEBUG 15040 --- [AddressBook] [org.springframework.amqp.rabbit.RabbitListenerEndpointContainer#0-3] o.s.amqp.rabbit.core.RabbitAdmin         : Declarations finished
2025-03-20T08:56:20.411+05:30 DEBUG 15040 --- [AddressBook] [org.springframework.amqp.rabbit.RabbitListenerEndpointContainer#0-3] o.s.a.r.c.CachingConnectionFactory       : Creating cached Rabbit Channel from AMQChannel(amqp://guest@127.0.0.1:5672/,2)
2025-03-20T08:56:20.411+05:30 DEBUG 15040 --- [AddressBook] [org.springframework.amqp.rabbit.RabbitListenerEndpointContainer#0-3] o.s.amqp.rabbit.core.RabbitTemplate      : Executing callback RabbitAdmin$$Lambda$2017/0x0000000801b8f440 on RabbitMQ Channel: Cached Rabbit Channel: AMQChannel(amqp://guest@127.0.0.1:5672/,2), conn: Proxy@2873aaa2 Shared Rabbit Connection: SimpleConnection@3c7ff3d8 [delegate=amqp://guest@127.0.0.1:5672/, localPort=50173]
2025-03-20T08:56:20.416+05:30 DEBUG 15040 --- [AddressBook] [org.springframework.amqp.rabbit.RabbitListenerEndpointContainer#0-3] o.s.a.r.listener.BlockingQueueConsumer   : Starting consumer Consumer@52e81a3b: tags=[[]], channel=null, acknowledgeMode=AUTO local queue size=0
2025-03-20T08:56:20.446+05:30 DEBUG 15040 --- [AddressBook] [org.springframework.amqp.rabbit.RabbitListenerEndpointContainer#0-3] o.s.a.r.listener.BlockingQueueConsumer   : Started on queue 'addressbook_queue' with tag amq.ctag-S6cqmav6bdD8oHW4xO34Tg: Consumer@52e81a3b: tags=[[]], channel=Cached Rabbit Channel: AMQChannel(amqp://guest@127.0.0.1:5672/,1), conn: Proxy@2873aaa2 Shared Rabbit Connection: SimpleConnection@3c7ff3d8 [delegate=amqp://guest@127.0.0.1:5672/, localPort=50173], acknowledgeMode=AUTO local queue size=0
2025-03-20T08:56:20.465+05:30 DEBUG 15040 --- [AddressBook] [pool-3-thread-14] o.s.a.r.listener.BlockingQueueConsumer   : ConsumeOK: Consumer@52e81a3b: tags=[[amq.ctag-S6cqmav6bdD8oHW4xO34Tg]], channel=Cached Rabbit Channel: AMQChannel(amqp://guest@127.0.0.1:5672/,1), conn: Proxy@2873aaa2 Shared Rabbit Connection: SimpleConnection@3c7ff3d8 [delegate=amqp://guest@127.0.0.1:5672/, localPort=50173], acknowledgeMode=AUTO local queue size=0
2025-03-20T08:56:20.576+05:30  WARN 15040 --- [AddressBook] [HikariPool-1 housekeeper] com.zaxxer.hikari.pool.HikariPool        : HikariPool-1 - Thread starvation or clock leap detected (housekeeper delta=2h12m47s928ms57µs601ns).
2025-03-20T08:56:20.581+05:30 DEBUG 15040 --- [AddressBook] [HikariPool-1 housekeeper] com.zaxxer.hikari.pool.HikariPool        : HikariPool-1 - Pool stats (total=10, active=0, idle=10, waiting=0)
2025-03-20T08:56:20.585+05:30 DEBUG 15040 --- [AddressBook] [HikariPool-1 housekeeper] com.zaxxer.hikari.pool.HikariPool        : HikariPool-1 - Fill pool skipped, pool has sufficient level or currently being filled.
2025-03-20T08:56:20.609+05:30 DEBUG 15040 --- [AddressBook] [HikariPool-1 connection closer] com.zaxxer.hikari.pool.PoolBase          : HikariPool-1 - Closing connection com.mysql.cj.jdbc.ConnectionImpl@1879a08a: (connection has passed maxLifetime)
2025-03-20T08:56:20.658+05:30 DEBUG 15040 --- [AddressBook] [HikariPool-1 connection closer] com.zaxxer.hikari.pool.PoolBase          : HikariPool-1 - Closing connection com.mysql.cj.jdbc.ConnectionImpl@6aeb7e6b: (connection has passed maxLifetime)
2025-03-20T08:56:20.663+05:30 DEBUG 15040 --- [AddressBook] [HikariPool-1 connection closer] com.zaxxer.hikari.pool.PoolBase          : HikariPool-1 - Closing connection com.mysql.cj.jdbc.ConnectionImpl@384be98: (connection has passed maxLifetime)
2025-03-20T08:56:20.667+05:30 DEBUG 15040 --- [AddressBook] [HikariPool-1 connection closer] com.zaxxer.hikari.pool.PoolBase          : HikariPool-1 - Closing connection com.mysql.cj.jdbc.ConnectionImpl@47460a83: (connection has passed maxLifetime)
2025-03-20T08:56:20.669+05:30 DEBUG 15040 --- [AddressBook] [HikariPool-1 connection closer] com.zaxxer.hikari.pool.PoolBase          : HikariPool-1 - Closing connection com.mysql.cj.jdbc.ConnectionImpl@4d0174c5: (connection has passed maxLifetime)
2025-03-20T08:56:20.674+05:30 DEBUG 15040 --- [AddressBook] [HikariPool-1 connection closer] com.zaxxer.hikari.pool.PoolBase          : HikariPool-1 - Closing connection com.mysql.cj.jdbc.ConnectionImpl@614ebefc: (connection has passed maxLifetime)
2025-03-20T08:56:20.676+05:30 DEBUG 15040 --- [AddressBook] [HikariPool-1 connection closer] com.zaxxer.hikari.pool.PoolBase          : HikariPool-1 - Closing connection com.mysql.cj.jdbc.ConnectionImpl@35bafcdb: (connection has passed maxLifetime)
2025-03-20T08:56:20.678+05:30 DEBUG 15040 --- [AddressBook] [HikariPool-1 connection closer] com.zaxxer.hikari.pool.PoolBase          : HikariPool-1 - Closing connection com.mysql.cj.jdbc.ConnectionImpl@e2f5eca: (connection has passed maxLifetime)
2025-03-20T08:56:20.682+05:30 DEBUG 15040 --- [AddressBook] [HikariPool-1 connection closer] com.zaxxer.hikari.pool.PoolBase          : HikariPool-1 - Closing connection com.mysql.cj.jdbc.ConnectionImpl@70a3dc7c: (connection has passed maxLifetime)
2025-03-20T08:56:20.684+05:30 DEBUG 15040 --- [AddressBook] [HikariPool-1 connection closer] com.zaxxer.hikari.pool.PoolBase          : HikariPool-1 - Closing connection com.mysql.cj.jdbc.ConnectionImpl@5bae5cf0: (connection has passed maxLifetime)
2025-03-20T08:56:20.934+05:30 DEBUG 15040 --- [AddressBook] [HikariPool-1 connection adder] jdk.event.security                       : X509Certificate: Alg:SHA256withRSA, Serial:2, Subject:CN=MySQL_Server_9.2.0_Auto_Generated_Server_Certificate, Issuer:CN=MySQL_Server_9.2.0_Auto_Generated_CA_Certificate, Key type:RSA, Length:2048, Cert Id:3349399474, Valid from:06/03/25, 2:46 pm, Valid until:04/03/35, 2:46 pm
2025-03-20T08:56:20.941+05:30 DEBUG 15040 --- [AddressBook] [HikariPool-1 connection adder] jdk.event.security                       : X509Certificate: Alg:SHA256withRSA, Serial:1, Subject:CN=MySQL_Server_9.2.0_Auto_Generated_CA_Certificate, Issuer:CN=MySQL_Server_9.2.0_Auto_Generated_CA_Certificate, Key type:RSA, Length:2048, Cert Id:3466883746, Valid from:06/03/25, 2:46 pm, Valid until:04/03/35, 2:46 pm
2025-03-20T08:56:20.960+05:30 DEBUG 15040 --- [AddressBook] [HikariPool-1 connection adder] jdk.event.security                       :  TLSHandshake: localhost:3306, TLSv1.3, TLS_AES_128_GCM_SHA256, 3349399474
2025-03-20T08:56:21.031+05:30 DEBUG 15040 --- [AddressBook] [HikariPool-1 connection adder] com.zaxxer.hikari.pool.HikariPool        : HikariPool-1 - Added connection com.mysql.cj.jdbc.ConnectionImpl@73a085b4
2025-03-20T08:56:21.077+05:30 DEBUG 15040 --- [AddressBook] [HikariPool-1 connection adder] com.zaxxer.hikari.pool.HikariPool        : HikariPool-1 - Connection not added, stats (total=1, active=0, idle=1, waiting=0)
2025-03-20T08:56:21.092+05:30 DEBUG 15040 --- [AddressBook] [HikariPool-1 connection adder] jdk.event.security                       : X509Certificate: Alg:SHA256withRSA, Serial:2, Subject:CN=MySQL_Server_9.2.0_Auto_Generated_Server_Certificate, Issuer:CN=MySQL_Server_9.2.0_Auto_Generated_CA_Certificate, Key type:RSA, Length:2048, Cert Id:3349399474, Valid from:06/03/25, 2:46 pm, Valid until:04/03/35, 2:46 pm
2025-03-20T08:56:21.093+05:30 DEBUG 15040 --- [AddressBook] [HikariPool-1 connection adder] jdk.event.security                       : X509Certificate: Alg:SHA256withRSA, Serial:1, Subject:CN=MySQL_Server_9.2.0_Auto_Generated_CA_Certificate, Issuer:CN=MySQL_Server_9.2.0_Auto_Generated_CA_Certificate, Key type:RSA, Length:2048, Cert Id:3466883746, Valid from:06/03/25, 2:46 pm, Valid until:04/03/35, 2:46 pm
2025-03-20T08:56:21.095+05:30 DEBUG 15040 --- [AddressBook] [HikariPool-1 connection adder] jdk.event.security                       :  TLSHandshake: localhost:3306, TLSv1.3, TLS_AES_128_GCM_SHA256, 3349399474
2025-03-20T08:56:21.099+05:30 DEBUG 15040 --- [AddressBook] [HikariPool-1 connection adder] com.zaxxer.hikari.pool.HikariPool        : HikariPool-1 - Added connection com.mysql.cj.jdbc.ConnectionImpl@329d8f8f
2025-03-20T08:56:21.139+05:30 DEBUG 15040 --- [AddressBook] [HikariPool-1 connection adder] com.zaxxer.hikari.pool.HikariPool        : HikariPool-1 - Connection not added, stats (total=2, active=0, idle=2, waiting=0)
2025-03-20T08:56:21.156+05:30 DEBUG 15040 --- [AddressBook] [HikariPool-1 connection adder] jdk.event.security                       : X509Certificate: Alg:SHA256withRSA, Serial:2, Subject:CN=MySQL_Server_9.2.0_Auto_Generated_Server_Certificate, Issuer:CN=MySQL_Server_9.2.0_Auto_Generated_CA_Certificate, Key type:RSA, Length:2048, Cert Id:3349399474, Valid from:06/03/25, 2:46 pm, Valid until:04/03/35, 2:46 pm
2025-03-20T08:56:21.156+05:30 DEBUG 15040 --- [AddressBook] [HikariPool-1 connection adder] jdk.event.security                       : X509Certificate: Alg:SHA256withRSA, Serial:1, Subject:CN=MySQL_Server_9.2.0_Auto_Generated_CA_Certificate, Issuer:CN=MySQL_Server_9.2.0_Auto_Generated_CA_Certificate, Key type:RSA, Length:2048, Cert Id:3466883746, Valid from:06/03/25, 2:46 pm, Valid until:04/03/35, 2:46 pm
2025-03-20T08:56:21.158+05:30 DEBUG 15040 --- [AddressBook] [HikariPool-1 connection adder] jdk.event.security                       :  TLSHandshake: localhost:3306, TLSv1.3, TLS_AES_128_GCM_SHA256, 3349399474
2025-03-20T08:56:21.165+05:30 DEBUG 15040 --- [AddressBook] [HikariPool-1 connection adder] com.zaxxer.hikari.pool.HikariPool        : HikariPool-1 - Added connection com.mysql.cj.jdbc.ConnectionImpl@3e55f82
2025-03-20T08:56:21.201+05:30 DEBUG 15040 --- [AddressBook] [HikariPool-1 connection adder] com.zaxxer.hikari.pool.HikariPool        : HikariPool-1 - Connection not added, stats (total=3, active=0, idle=3, waiting=0)
2025-03-20T08:56:21.213+05:30 DEBUG 15040 --- [AddressBook] [HikariPool-1 connection adder] jdk.event.security                       : X509Certificate: Alg:SHA256withRSA, Serial:2, Subject:CN=MySQL_Server_9.2.0_Auto_Generated_Server_Certificate, Issuer:CN=MySQL_Server_9.2.0_Auto_Generated_CA_Certificate, Key type:RSA, Length:2048, Cert Id:3349399474, Valid from:06/03/25, 2:46 pm, Valid until:04/03/35, 2:46 pm
2025-03-20T08:56:21.214+05:30 DEBUG 15040 --- [AddressBook] [HikariPool-1 connection adder] jdk.event.security                       : X509Certificate: Alg:SHA256withRSA, Serial:1, Subject:CN=MySQL_Server_9.2.0_Auto_Generated_CA_Certificate, Issuer:CN=MySQL_Server_9.2.0_Auto_Generated_CA_Certificate, Key type:RSA, Length:2048, Cert Id:3466883746, Valid from:06/03/25, 2:46 pm, Valid until:04/03/35, 2:46 pm
2025-03-20T08:56:21.216+05:30 DEBUG 15040 --- [AddressBook] [HikariPool-1 connection adder] jdk.event.security                       :  TLSHandshake: localhost:3306, TLSv1.3, TLS_AES_128_GCM_SHA256, 3349399474
2025-03-20T08:56:21.222+05:30 DEBUG 15040 --- [AddressBook] [HikariPool-1 connection adder] com.zaxxer.hikari.pool.HikariPool        : HikariPool-1 - Added connection com.mysql.cj.jdbc.ConnectionImpl@52b270c0
2025-03-20T08:56:21.264+05:30 DEBUG 15040 --- [AddressBook] [HikariPool-1 connection adder] com.zaxxer.hikari.pool.HikariPool        : HikariPool-1 - Connection not added, stats (total=4, active=0, idle=4, waiting=0)
2025-03-20T08:56:21.281+05:30 DEBUG 15040 --- [AddressBook] [HikariPool-1 connection adder] jdk.event.security                       : X509Certificate: Alg:SHA256withRSA, Serial:2, Subject:CN=MySQL_Server_9.2.0_Auto_Generated_Server_Certificate, Issuer:CN=MySQL_Server_9.2.0_Auto_Generated_CA_Certificate, Key type:RSA, Length:2048, Cert Id:3349399474, Valid from:06/03/25, 2:46 pm, Valid until:04/03/35, 2:46 pm
2025-03-20T08:56:21.282+05:30 DEBUG 15040 --- [AddressBook] [HikariPool-1 connection adder] jdk.event.security                       : X509Certificate: Alg:SHA256withRSA, Serial:1, Subject:CN=MySQL_Server_9.2.0_Auto_Generated_CA_Certificate, Issuer:CN=MySQL_Server_9.2.0_Auto_Generated_CA_Certificate, Key type:RSA, Length:2048, Cert Id:3466883746, Valid from:06/03/25, 2:46 pm, Valid until:04/03/35, 2:46 pm
2025-03-20T08:56:21.285+05:30 DEBUG 15040 --- [AddressBook] [HikariPool-1 connection adder] jdk.event.security                       :  TLSHandshake: localhost:3306, TLSv1.3, TLS_AES_128_GCM_SHA256, 3349399474
2025-03-20T08:56:21.291+05:30 DEBUG 15040 --- [AddressBook] [HikariPool-1 connection adder] com.zaxxer.hikari.pool.HikariPool        : HikariPool-1 - Added connection com.mysql.cj.jdbc.ConnectionImpl@705a1d9f
2025-03-20T08:56:21.326+05:30 DEBUG 15040 --- [AddressBook] [HikariPool-1 connection adder] com.zaxxer.hikari.pool.HikariPool        : HikariPool-1 - Connection not added, stats (total=5, active=0, idle=5, waiting=0)
2025-03-20T08:56:21.351+05:30 DEBUG 15040 --- [AddressBook] [HikariPool-1 connection adder] jdk.event.security                       : X509Certificate: Alg:SHA256withRSA, Serial:2, Subject:CN=MySQL_Server_9.2.0_Auto_Generated_Server_Certificate, Issuer:CN=MySQL_Server_9.2.0_Auto_Generated_CA_Certificate, Key type:RSA, Length:2048, Cert Id:3349399474, Valid from:06/03/25, 2:46 pm, Valid until:04/03/35, 2:46 pm
2025-03-20T08:56:21.352+05:30 DEBUG 15040 --- [AddressBook] [HikariPool-1 connection adder] jdk.event.security                       : X509Certificate: Alg:SHA256withRSA, Serial:1, Subject:CN=MySQL_Server_9.2.0_Auto_Generated_CA_Certificate, Issuer:CN=MySQL_Server_9.2.0_Auto_Generated_CA_Certificate, Key type:RSA, Length:2048, Cert Id:3466883746, Valid from:06/03/25, 2:46 pm, Valid until:04/03/35, 2:46 pm
2025-03-20T08:56:21.356+05:30 DEBUG 15040 --- [AddressBook] [HikariPool-1 connection adder] jdk.event.security                       :  TLSHandshake: localhost:3306, TLSv1.3, TLS_AES_128_GCM_SHA256, 3349399474
2025-03-20T08:56:21.365+05:30 DEBUG 15040 --- [AddressBook] [HikariPool-1 connection adder] com.zaxxer.hikari.pool.HikariPool        : HikariPool-1 - Added connection com.mysql.cj.jdbc.ConnectionImpl@56fcced3
2025-03-20T08:56:21.403+05:30 DEBUG 15040 --- [AddressBook] [HikariPool-1 connection adder] com.zaxxer.hikari.pool.HikariPool        : HikariPool-1 - Connection not added, stats (total=6, active=0, idle=6, waiting=0)
2025-03-20T08:56:21.445+05:30 DEBUG 15040 --- [AddressBook] [HikariPool-1 connection adder] jdk.event.security                       : X509Certificate: Alg:SHA256withRSA, Serial:2, Subject:CN=MySQL_Server_9.2.0_Auto_Generated_Server_Certificate, Issuer:CN=MySQL_Server_9.2.0_Auto_Generated_CA_Certificate, Key type:RSA, Length:2048, Cert Id:3349399474, Valid from:06/03/25, 2:46 pm, Valid until:04/03/35, 2:46 pm
2025-03-20T08:56:21.445+05:30 DEBUG 15040 --- [AddressBook] [HikariPool-1 connection adder] jdk.event.security                       : X509Certificate: Alg:SHA256withRSA, Serial:1, Subject:CN=MySQL_Server_9.2.0_Auto_Generated_CA_Certificate, Issuer:CN=MySQL_Server_9.2.0_Auto_Generated_CA_Certificate, Key type:RSA, Length:2048, Cert Id:3466883746, Valid from:06/03/25, 2:46 pm, Valid until:04/03/35, 2:46 pm
2025-03-20T08:56:21.455+05:30 DEBUG 15040 --- [AddressBook] [HikariPool-1 connection adder] jdk.event.security                       :  TLSHandshake: localhost:3306, TLSv1.3, TLS_AES_128_GCM_SHA256, 3349399474
2025-03-20T08:56:21.669+05:30 DEBUG 15040 --- [AddressBook] [HikariPool-1 connection adder] com.zaxxer.hikari.pool.HikariPool        : HikariPool-1 - Added connection com.mysql.cj.jdbc.ConnectionImpl@7d08cd92
2025-03-20T08:56:21.712+05:30 DEBUG 15040 --- [AddressBook] [HikariPool-1 connection adder] com.zaxxer.hikari.pool.HikariPool        : HikariPool-1 - Connection not added, stats (total=7, active=0, idle=7, waiting=0)
2025-03-20T08:56:21.726+05:30 DEBUG 15040 --- [AddressBook] [HikariPool-1 connection adder] jdk.event.security                       : X509Certificate: Alg:SHA256withRSA, Serial:2, Subject:CN=MySQL_Server_9.2.0_Auto_Generated_Server_Certificate, Issuer:CN=MySQL_Server_9.2.0_Auto_Generated_CA_Certificate, Key type:RSA, Length:2048, Cert Id:3349399474, Valid from:06/03/25, 2:46 pm, Valid until:04/03/35, 2:46 pm
2025-03-20T08:56:21.728+05:30 DEBUG 15040 --- [AddressBook] [HikariPool-1 connection adder] jdk.event.security                       : X509Certificate: Alg:SHA256withRSA, Serial:1, Subject:CN=MySQL_Server_9.2.0_Auto_Generated_CA_Certificate, Issuer:CN=MySQL_Server_9.2.0_Auto_Generated_CA_Certificate, Key type:RSA, Length:2048, Cert Id:3466883746, Valid from:06/03/25, 2:46 pm, Valid until:04/03/35, 2:46 pm
2025-03-20T08:56:21.731+05:30 DEBUG 15040 --- [AddressBook] [HikariPool-1 connection adder] jdk.event.security                       :  TLSHandshake: localhost:3306, TLSv1.3, TLS_AES_128_GCM_SHA256, 3349399474
2025-03-20T08:56:21.739+05:30 DEBUG 15040 --- [AddressBook] [HikariPool-1 connection adder] com.zaxxer.hikari.pool.HikariPool        : HikariPool-1 - Added connection com.mysql.cj.jdbc.ConnectionImpl@16a4cfef
2025-03-20T08:56:21.772+05:30 DEBUG 15040 --- [AddressBook] [HikariPool-1 connection adder] com.zaxxer.hikari.pool.HikariPool        : HikariPool-1 - Connection not added, stats (total=8, active=0, idle=8, waiting=0)
2025-03-20T08:56:21.789+05:30 DEBUG 15040 --- [AddressBook] [HikariPool-1 connection adder] jdk.event.security                       : X509Certificate: Alg:SHA256withRSA, Serial:2, Subject:CN=MySQL_Server_9.2.0_Auto_Generated_Server_Certificate, Issuer:CN=MySQL_Server_9.2.0_Auto_Generated_CA_Certificate, Key type:RSA, Length:2048, Cert Id:3349399474, Valid from:06/03/25, 2:46 pm, Valid until:04/03/35, 2:46 pm
2025-03-20T08:56:21.790+05:30 DEBUG 15040 --- [AddressBook] [HikariPool-1 connection adder] jdk.event.security                       : X509Certificate: Alg:SHA256withRSA, Serial:1, Subject:CN=MySQL_Server_9.2.0_Auto_Generated_CA_Certificate, Issuer:CN=MySQL_Server_9.2.0_Auto_Generated_CA_Certificate, Key type:RSA, Length:2048, Cert Id:3466883746, Valid from:06/03/25, 2:46 pm, Valid until:04/03/35, 2:46 pm
2025-03-20T08:56:21.792+05:30 DEBUG 15040 --- [AddressBook] [HikariPool-1 connection adder] jdk.event.security                       :  TLSHandshake: localhost:3306, TLSv1.3, TLS_AES_128_GCM_SHA256, 3349399474
2025-03-20T08:56:21.794+05:30 DEBUG 15040 --- [AddressBook] [HikariPool-1 connection adder] com.zaxxer.hikari.pool.HikariPool        : HikariPool-1 - Added connection com.mysql.cj.jdbc.ConnectionImpl@4e61a95
2025-03-20T08:56:21.835+05:30 DEBUG 15040 --- [AddressBook] [HikariPool-1 connection adder] com.zaxxer.hikari.pool.HikariPool        : HikariPool-1 - Connection not added, stats (total=9, active=0, idle=9, waiting=0)
2025-03-20T08:56:21.884+05:30 DEBUG 15040 --- [AddressBook] [HikariPool-1 connection adder] jdk.event.security                       : X509Certificate: Alg:SHA256withRSA, Serial:2, Subject:CN=MySQL_Server_9.2.0_Auto_Generated_Server_Certificate, Issuer:CN=MySQL_Server_9.2.0_Auto_Generated_CA_Certificate, Key type:RSA, Length:2048, Cert Id:3349399474, Valid from:06/03/25, 2:46 pm, Valid until:04/03/35, 2:46 pm
2025-03-20T08:56:21.885+05:30 DEBUG 15040 --- [AddressBook] [HikariPool-1 connection adder] jdk.event.security                       : X509Certificate: Alg:SHA256withRSA, Serial:1, Subject:CN=MySQL_Server_9.2.0_Auto_Generated_CA_Certificate, Issuer:CN=MySQL_Server_9.2.0_Auto_Generated_CA_Certificate, Key type:RSA, Length:2048, Cert Id:3466883746, Valid from:06/03/25, 2:46 pm, Valid until:04/03/35, 2:46 pm
2025-03-20T08:56:21.886+05:30 DEBUG 15040 --- [AddressBook] [HikariPool-1 connection adder] jdk.event.security                       :  TLSHandshake: localhost:3306, TLSv1.3, TLS_AES_128_GCM_SHA256, 3349399474
2025-03-20T08:56:21.892+05:30 DEBUG 15040 --- [AddressBook] [HikariPool-1 connection adder] com.zaxxer.hikari.pool.HikariPool        : HikariPool-1 - Added connection com.mysql.cj.jdbc.ConnectionImpl@62789075
2025-03-20T08:56:21.929+05:30 DEBUG 15040 --- [AddressBook] [HikariPool-1 connection adder] com.zaxxer.hikari.pool.HikariPool        : HikariPool-1 - Connection not added, stats (total=10, active=0, idle=10, waiting=0)
2025-03-20T08:56:21.929+05:30 DEBUG 15040 --- [AddressBook] [HikariPool-1 connection adder] com.zaxxer.hikari.pool.HikariPool        : HikariPool-1 - Connection not added, stats (total=10, active=0, idle=10, waiting=0)
2025-03-20T08:56:50.592+05:30 DEBUG 15040 --- [AddressBook] [HikariPool-1 housekeeper] com.zaxxer.hikari.pool.HikariPool        : HikariPool-1 - Pool stats (total=10, active=0, idle=10, waiting=0)
2025-03-20T08:56:50.598+05:30 DEBUG 15040 --- [AddressBook] [HikariPool-1 housekeeper] com.zaxxer.hikari.pool.HikariPool        : HikariPool-1 - Fill pool skipped, pool has sufficient level or currently being filled.
2025-03-20T08:57:20.609+05:30 DEBUG 15040 --- [AddressBook] [HikariPool-1 housekeeper] com.zaxxer.hikari.pool.HikariPool        : HikariPool-1 - Pool stats (total=10, active=0, idle=10, waiting=0)
2025-03-20T08:57:20.609+05:30 DEBUG 15040 --- [AddressBook] [HikariPool-1 housekeeper] com.zaxxer.hikari.pool.HikariPool        : HikariPool-1 - Fill pool skipped, pool has sufficient level or currently being filled.
2025-03-20T08:57:50.622+05:30 DEBUG 15040 --- [AddressBook] [HikariPool-1 housekeeper] com.zaxxer.hikari.pool.HikariPool        : HikariPool-1 - Pool stats (total=10, active=0, idle=10, waiting=0)
2025-03-20T08:57:50.622+05:30 DEBUG 15040 --- [AddressBook] [HikariPool-1 housekeeper] com.zaxxer.hikari.pool.HikariPool        : HikariPool-1 - Fill pool skipped, pool has sufficient level or currently being filled.
2025-03-20T08:58:20.631+05:30 DEBUG 15040 --- [AddressBook] [HikariPool-1 housekeeper] com.zaxxer.hikari.pool.HikariPool        : HikariPool-1 - Pool stats (total=10, active=0, idle=10, waiting=0)
2025-03-20T08:58:20.632+05:30 DEBUG 15040 --- [AddressBook] [HikariPool-1 housekeeper] com.zaxxer.hikari.pool.HikariPool        : HikariPool-1 - Fill pool skipped, pool has sufficient level or currently being filled.
2025-03-20T08:58:25.937+05:30 DEBUG 15040 --- [AddressBook] [SpringApplicationShutdownHook] o.s.b.a.ApplicationAvailabilityBean      : Application availability state ReadinessState changed from ACCEPTING_TRAFFIC to REFUSING_TRAFFIC
2025-03-20T08:58:25.994+05:30 DEBUG 15040 --- [AddressBook] [SpringApplicationShutdownHook] ConfigServletWebServerApplicationContext : Closing org.springframework.boot.web.servlet.context.AnnotationConfigServletWebServerApplicationContext@94549d4, started on Wed Mar 19 14:27:19 IST 2025
2025-03-20T08:58:26.274+05:30 DEBUG 15040 --- [AddressBook] [SpringApplicationShutdownHook] o.s.c.support.DefaultLifecycleProcessor  : Stopping beans in phase 2147483647
2025-03-20T08:58:26.353+05:30 DEBUG 15040 --- [AddressBook] [SpringApplicationShutdownHook] o.s.a.r.l.SimpleMessageListenerContainer : Shutting down Rabbit listener container
2025-03-20T08:58:26.479+05:30  INFO 15040 --- [AddressBook] [org.springframework.amqp.rabbit.RabbitListenerEndpointContainer#0-4] o.s.a.r.l.SimpleMessageListenerContainer : Waiting for workers to finish.
2025-03-20T08:58:26.498+05:30 DEBUG 15040 --- [AddressBook] [SpringApplicationShutdownHook] o.s.d.r.l.RedisMessageListenerContainer  : Stopped RedisMessageListenerContainer
2025-03-20T08:58:26.513+05:30 DEBUG 15040 --- [AddressBook] [SpringApplicationShutdownHook] o.s.c.support.DefaultLifecycleProcessor  : Bean 'redisKeyValueAdapter' completed its stop procedure
2025-03-20T08:58:26.514+05:30 DEBUG 15040 --- [AddressBook] [pool-3-thread-15] o.s.a.r.listener.BlockingQueueConsumer   : Received cancelOk for tag amq.ctag-S6cqmav6bdD8oHW4xO34Tg (addressbook_queue); Consumer@52e81a3b: tags=[[amq.ctag-S6cqmav6bdD8oHW4xO34Tg]], channel=Cached Rabbit Channel: AMQChannel(amqp://guest@127.0.0.1:5672/,1), conn: Proxy@2873aaa2 Shared Rabbit Connection: SimpleConnection@3c7ff3d8 [delegate=amqp://guest@127.0.0.1:5672/, localPort=50173], acknowledgeMode=AUTO local queue size=0
2025-03-20T08:58:26.667+05:30  INFO 15040 --- [AddressBook] [org.springframework.amqp.rabbit.RabbitListenerEndpointContainer#0-4] o.s.a.r.l.SimpleMessageListenerContainer : Successfully waited for workers to finish.
2025-03-20T08:58:26.668+05:30 DEBUG 15040 --- [AddressBook] [SpringApplicationShutdownHook] o.s.c.support.DefaultLifecycleProcessor  : Stopping beans in phase 2147482623
2025-03-20T08:58:26.668+05:30 DEBUG 15040 --- [AddressBook] [org.springframework.amqp.rabbit.RabbitListenerEndpointContainer#0-4] o.s.c.support.DefaultLifecycleProcessor  : Bean 'org.springframework.amqp.rabbit.config.internalRabbitListenerEndpointRegistry' completed its stop procedure
2025-03-20T08:58:26.670+05:30 DEBUG 15040 --- [AddressBook] [org.springframework.amqp.rabbit.RabbitListenerEndpointContainer#0-3] o.s.a.r.l.SimpleMessageListenerContainer : Cancelling Consumer@52e81a3b: tags=[[amq.ctag-S6cqmav6bdD8oHW4xO34Tg]], channel=Cached Rabbit Channel: AMQChannel(amqp://guest@127.0.0.1:5672/,1), conn: Proxy@2873aaa2 Shared Rabbit Connection: SimpleConnection@3c7ff3d8 [delegate=amqp://guest@127.0.0.1:5672/, localPort=50173], acknowledgeMode=AUTO local queue size=0
2025-03-20T08:58:26.672+05:30 DEBUG 15040 --- [AddressBook] [org.springframework.amqp.rabbit.RabbitListenerEndpointContainer#0-3] o.s.a.r.listener.BlockingQueueConsumer   : Closing Rabbit Channel: Cached Rabbit Channel: AMQChannel(amqp://guest@127.0.0.1:5672/,1), conn: Proxy@2873aaa2 Shared Rabbit Connection: SimpleConnection@3c7ff3d8 [delegate=amqp://guest@127.0.0.1:5672/, localPort=50173]
2025-03-20T08:58:26.673+05:30 DEBUG 15040 --- [AddressBook] [org.springframework.amqp.rabbit.RabbitListenerEndpointContainer#0-3] o.s.a.r.c.CachingConnectionFactory       : Closing cached Channel: AMQChannel(amqp://guest@127.0.0.1:5672/,1)
2025-03-20T08:58:26.744+05:30  INFO 15040 --- [AddressBook] [SpringApplicationShutdownHook] o.s.b.w.e.tomcat.GracefulShutdown        : Commencing graceful shutdown. Waiting for active requests to complete
2025-03-20T08:58:27.059+05:30  INFO 15040 --- [AddressBook] [tomcat-shutdown] o.s.b.w.e.tomcat.GracefulShutdown        : Graceful shutdown complete
2025-03-20T08:58:27.063+05:30 DEBUG 15040 --- [AddressBook] [tomcat-shutdown] o.s.c.support.DefaultLifecycleProcessor  : Bean 'webServerGracefulShutdown' completed its stop procedure
2025-03-20T08:58:27.063+05:30 DEBUG 15040 --- [AddressBook] [SpringApplicationShutdownHook] o.s.c.support.DefaultLifecycleProcessor  : Stopping beans in phase 2147481599
2025-03-20T08:58:27.093+05:30 DEBUG 15040 --- [AddressBook] [SpringApplicationShutdownHook] o.s.c.support.DefaultLifecycleProcessor  : Bean 'webServerStartStop' completed its stop procedure
2025-03-20T08:58:27.093+05:30 DEBUG 15040 --- [AddressBook] [SpringApplicationShutdownHook] o.s.c.support.DefaultLifecycleProcessor  : Stopping beans in phase 1073741823
2025-03-20T08:58:27.093+05:30 DEBUG 15040 --- [AddressBook] [SpringApplicationShutdownHook] o.s.c.support.DefaultLifecycleProcessor  : Bean 'applicationTaskExecutor' completed its stop procedure
2025-03-20T08:58:27.093+05:30 DEBUG 15040 --- [AddressBook] [SpringApplicationShutdownHook] o.s.c.support.DefaultLifecycleProcessor  : Stopping beans in phase 0
2025-03-20T08:58:27.131+05:30 DEBUG 15040 --- [AddressBook] [SpringApplicationShutdownHook] io.lettuce.core.RedisChannelHandler      : closeAsync()
2025-03-20T08:58:27.139+05:30 DEBUG 15040 --- [AddressBook] [SpringApplicationShutdownHook] i.lettuce.core.protocol.DefaultEndpoint  : [channel=0x67edea6b, /127.0.0.1:59535 -> localhost/127.0.0.1:6379, epid=0x1] closeAsync()
2025-03-20T08:58:27.281+05:30 DEBUG 15040 --- [AddressBook] [SpringApplicationShutdownHook] io.lettuce.core.AbstractRedisClient      : Initiate shutdown (0, 100, MILLISECONDS)
2025-03-20T08:58:27.354+05:30 DEBUG 15040 --- [AddressBook] [lettuce-nioEventLoop-4-1] i.lettuce.core.protocol.CommandHandler   : [channel=0x67edea6b, /127.0.0.1:59535 -> localhost/127.0.0.1:6379, epid=0x1, chid=0x1] channelInactive()
2025-03-20T08:58:27.382+05:30 DEBUG 15040 --- [AddressBook] [lettuce-nioEventLoop-4-1] i.lettuce.core.protocol.DefaultEndpoint  : [channel=0x67edea6b, /127.0.0.1:59535 -> localhost/127.0.0.1:6379, epid=0x1] deactivating endpoint handler
2025-03-20T08:58:27.391+05:30 DEBUG 15040 --- [AddressBook] [lettuce-nioEventLoop-4-1] i.lettuce.core.protocol.CommandHandler   : [channel=0x67edea6b, /127.0.0.1:59535 -> localhost/127.0.0.1:6379, epid=0x1, chid=0x1] channelInactive() done
2025-03-20T08:58:27.408+05:30 DEBUG 15040 --- [AddressBook] [lettuce-nioEventLoop-4-1] i.l.core.protocol.ConnectionWatchdog     : [channel=0x67edea6b, /127.0.0.1:59535 -> localhost/127.0.0.1:6379, last known addr=localhost/127.0.0.1:6379] channelInactive()
2025-03-20T08:58:27.409+05:30 DEBUG 15040 --- [AddressBook] [lettuce-nioEventLoop-4-1] i.l.core.protocol.ConnectionWatchdog     : [channel=0x67edea6b, /127.0.0.1:59535 -> localhost/127.0.0.1:6379, last known addr=localhost/127.0.0.1:6379] Reconnect scheduling disabled
2025-03-20T08:58:27.410+05:30 DEBUG 15040 --- [AddressBook] [lettuce-nioEventLoop-4-1] i.lettuce.core.protocol.CommandHandler   : [channel=0x67edea6b, /127.0.0.1:59535 -> localhost/127.0.0.1:6379, epid=0x1, chid=0x1] channelUnregistered()
2025-03-20T08:58:27.412+05:30 DEBUG 15040 --- [AddressBook] [SpringApplicationShutdownHook] i.l.c.r.DefaultEventLoopGroupProvider    : Release executor io.netty.channel.nio.NioEventLoopGroup@5c07d240
2025-03-20T08:58:27.438+05:30 DEBUG 15040 --- [AddressBook] [lettuce-nioEventLoop-4-1] io.netty.buffer.PoolThreadCache          : Freed 7 thread-local buffer(s) from thread: lettuce-nioEventLoop-4-1
2025-03-20T08:58:27.441+05:30 DEBUG 15040 --- [AddressBook] [SpringApplicationShutdownHook] o.s.c.support.DefaultLifecycleProcessor  : Bean 'redisConnectionFactory' completed its stop procedure
2025-03-20T08:58:27.441+05:30 DEBUG 15040 --- [AddressBook] [SpringApplicationShutdownHook] o.s.c.support.DefaultLifecycleProcessor  : Stopping beans in phase -2147483647
2025-03-20T08:58:27.451+05:30 DEBUG 15040 --- [AddressBook] [SpringApplicationShutdownHook] o.s.c.support.DefaultLifecycleProcessor  : Bean 'springBootLoggingLifecycle' completed its stop procedure
2025-03-20T08:58:27.451+05:30 DEBUG 15040 --- [AddressBook] [SpringApplicationShutdownHook] o.s.c.support.DefaultLifecycleProcessor  : Stopping beans in phase -2147483648
2025-03-20T08:58:27.454+05:30 DEBUG 15040 --- [AddressBook] [SpringApplicationShutdownHook] o.s.a.r.c.CachingConnectionFactory       : Closing cached Channel: AMQChannel(amqp://guest@127.0.0.1:5672/,2)
2025-03-20T08:58:27.476+05:30 DEBUG 15040 --- [AddressBook] [SpringApplicationShutdownHook] o.s.c.support.DefaultLifecycleProcessor  : Bean 'rabbitConnectionFactory' completed its stop procedure
2025-03-20T08:58:27.499+05:30 DEBUG 15040 --- [AddressBook] [SpringApplicationShutdownHook] o.s.a.r.l.SimpleMessageListenerContainer : Shutdown ignored - container is not active already
2025-03-20T08:58:27.502+05:30 DEBUG 15040 --- [AddressBook] [SpringApplicationShutdownHook] o.s.s.concurrent.ThreadPoolTaskExecutor  : Shutting down ExecutorService 'applicationTaskExecutor'
2025-03-20T08:58:27.538+05:30  INFO 15040 --- [AddressBook] [SpringApplicationShutdownHook] j.LocalContainerEntityManagerFactoryBean : Closing JPA EntityManagerFactory for persistence unit 'default'
2025-03-20T08:58:27.564+05:30 DEBUG 15040 --- [AddressBook] [SpringApplicationShutdownHook] o.hibernate.internal.SessionFactoryImpl  : HHH000031: Closing
2025-03-20T08:58:27.641+05:30 DEBUG 15040 --- [AddressBook] [SpringApplicationShutdownHook] o.h.type.spi.TypeConfiguration$Scope     : Un-scoping TypeConfiguration [org.hibernate.type.spi.TypeConfiguration$Scope@7fd9668f] from SessionFactory [org.hibernate.internal.SessionFactoryImpl@35ab5cdb]
2025-03-20T08:58:27.649+05:30 DEBUG 15040 --- [AddressBook] [SpringApplicationShutdownHook] o.h.s.i.AbstractServiceRegistryImpl      : Implicitly destroying ServiceRegistry on de-registration of all child ServiceRegistries
2025-03-20T08:58:27.668+05:30 DEBUG 15040 --- [AddressBook] [SpringApplicationShutdownHook] o.h.b.r.i.BootstrapServiceRegistryImpl   : Implicitly destroying Boot-strap registry on de-registration of all child ServiceRegistries
2025-03-20T08:58:27.736+05:30  INFO 15040 --- [AddressBook] [SpringApplicationShutdownHook] com.zaxxer.hikari.HikariDataSource       : HikariPool-1 - Shutdown initiated...
2025-03-20T08:58:27.739+05:30 DEBUG 15040 --- [AddressBook] [SpringApplicationShutdownHook] com.zaxxer.hikari.pool.HikariPool        : HikariPool-1 - Before shutdown stats (total=10, active=0, idle=10, waiting=0)
2025-03-20T08:58:27.771+05:30 DEBUG 15040 --- [AddressBook] [HikariPool-1 connection closer] com.zaxxer.hikari.pool.PoolBase          : HikariPool-1 - Closing connection com.mysql.cj.jdbc.ConnectionImpl@73a085b4: (connection evicted)
2025-03-20T08:58:27.809+05:30 DEBUG 15040 --- [AddressBook] [HikariPool-1 connection closer] com.zaxxer.hikari.pool.PoolBase          : HikariPool-1 - Closing connection com.mysql.cj.jdbc.ConnectionImpl@329d8f8f: (connection evicted)
2025-03-20T08:58:27.810+05:30 DEBUG 15040 --- [AddressBook] [HikariPool-1 connection closer] com.zaxxer.hikari.pool.PoolBase          : HikariPool-1 - Closing connection com.mysql.cj.jdbc.ConnectionImpl@3e55f82: (connection evicted)
2025-03-20T08:58:27.813+05:30 DEBUG 15040 --- [AddressBook] [HikariPool-1 connection closer] com.zaxxer.hikari.pool.PoolBase          : HikariPool-1 - Closing connection com.mysql.cj.jdbc.ConnectionImpl@52b270c0: (connection evicted)
2025-03-20T08:58:27.817+05:30 DEBUG 15040 --- [AddressBook] [HikariPool-1 connection closer] com.zaxxer.hikari.pool.PoolBase          : HikariPool-1 - Closing connection com.mysql.cj.jdbc.ConnectionImpl@705a1d9f: (connection evicted)
2025-03-20T08:58:27.820+05:30 DEBUG 15040 --- [AddressBook] [HikariPool-1 connection closer] com.zaxxer.hikari.pool.PoolBase          : HikariPool-1 - Closing connection com.mysql.cj.jdbc.ConnectionImpl@56fcced3: (connection evicted)
2025-03-20T08:58:27.822+05:30 DEBUG 15040 --- [AddressBook] [HikariPool-1 connection closer] com.zaxxer.hikari.pool.PoolBase          : HikariPool-1 - Closing connection com.mysql.cj.jdbc.ConnectionImpl@7d08cd92: (connection evicted)
2025-03-20T08:58:27.825+05:30 DEBUG 15040 --- [AddressBook] [HikariPool-1 connection closer] com.zaxxer.hikari.pool.PoolBase          : HikariPool-1 - Closing connection com.mysql.cj.jdbc.ConnectionImpl@16a4cfef: (connection evicted)
2025-03-20T08:58:27.827+05:30 DEBUG 15040 --- [AddressBook] [HikariPool-1 connection closer] com.zaxxer.hikari.pool.PoolBase          : HikariPool-1 - Closing connection com.mysql.cj.jdbc.ConnectionImpl@4e61a95: (connection evicted)
2025-03-20T08:58:27.829+05:30 DEBUG 15040 --- [AddressBook] [HikariPool-1 connection closer] com.zaxxer.hikari.pool.PoolBase          : HikariPool-1 - Closing connection com.mysql.cj.jdbc.ConnectionImpl@62789075: (connection evicted)
2025-03-20T08:58:27.831+05:30 DEBUG 15040 --- [AddressBook] [SpringApplicationShutdownHook] com.zaxxer.hikari.pool.HikariPool        : HikariPool-1 - After shutdown stats (total=0, active=0, idle=0, waiting=0)
2025-03-20T08:58:27.832+05:30  INFO 15040 --- [AddressBook] [SpringApplicationShutdownHook] com.zaxxer.hikari.HikariDataSource       : HikariPool-1 - Shutdown completed.
2025-03-20T08:58:27.835+05:30 DEBUG 15040 --- [AddressBook] [SpringApplicationShutdownHook] i.l.c.resource.DefaultClientResources    : Initiate shutdown (0, 2, SECONDS)
2025-03-20T08:58:27.873+05:30 DEBUG 15040 --- [AddressBook] [SpringApplicationShutdownHook] i.l.c.r.DefaultEventLoopGroupProvider    : Initiate shutdown (0, 2, SECONDS)
2025-03-20T08:58:27.878+05:30 DEBUG 15040 --- [AddressBook] [SpringApplicationShutdownHook] o.s.b.f.support.DisposableBeanAdapter    : Custom destroy method 'shutdown' on bean with name 'lettuceClientResources' completed asynchronously
